Fold 1 epoch 1
2021-10-21 05:59:27
val mean loss=0.13671090946276002, accuracy=0.5317708333333333
Fold 1 epoch 2
2021-10-21 06:01:18
val mean loss=0.13622390095589093, accuracy=0.5447916666666667
Fold 1 epoch 3
2021-10-21 06:03:08
val mean loss=0.13413673330236364, accuracy=0.5697916666666667
Fold 1 epoch 4
2021-10-21 06:04:59
val mean loss=0.13238046237961254, accuracy=0.6088541666666667
Fold 1 epoch 5
2021-10-21 06:06:49
val mean loss=0.12917299074400598, accuracy=0.6484375
Fold 1 epoch 6
2021-10-21 06:08:39
val mean loss=0.12262695336047515, accuracy=0.6953125
Fold 1 epoch 7
2021-10-21 06:10:30
val mean loss=0.12022304377928683, accuracy=0.6901041666666666
Fold 1 epoch 8
2021-10-21 06:12:20
val mean loss=0.1141499770521627, accuracy=0.7208333333333333
Fold 1 epoch 9
2021-10-21 06:14:10
val mean loss=0.1126022075919948, accuracy=0.7119791666666667
Fold 1 epoch 10
2021-10-21 06:16:00
val mean loss=0.11149388733224123, accuracy=0.7109375
Fold 2 epoch 1
2021-10-21 06:17:51
val mean loss=0.10544873520180031, accuracy=0.7307291666666667
Fold 2 epoch 2
2021-10-21 06:19:41
val mean loss=0.10275886245225192, accuracy=0.7578125
Fold 2 epoch 3
2021-10-21 06:21:32
val mean loss=0.10346488913390862, accuracy=0.7416666666666667
Fold 2 epoch 4
2021-10-21 06:23:23
val mean loss=0.0995890283780824, accuracy=0.7567708333333333
Fold 2 epoch 5
2021-10-21 06:25:13
val mean loss=0.10031051047054337, accuracy=0.753125
Fold 2 epoch 6
2021-10-21 06:27:04
val mean loss=0.09784414189342609, accuracy=0.7651041666666667
Fold 2 epoch 7
2021-10-21 06:28:54
val mean loss=0.09697962965003748, accuracy=0.7661458333333333
Fold 2 epoch 8
2021-10-21 06:30:45
val mean loss=0.10073518517576618, accuracy=0.7458333333333333
Fold 2 epoch 9
2021-10-21 06:32:36
val mean loss=0.09499207465246381, accuracy=0.7838541666666666
Fold 2 epoch 10
2021-10-21 06:34:26
val mean loss=0.09454172295307427, accuracy=0.7744791666666667
Fold 3 epoch 1
2021-10-21 06:36:17
val mean loss=0.09222922148527922, accuracy=0.78125
Fold 3 epoch 2
2021-10-21 06:38:07
val mean loss=0.0897714124294956, accuracy=0.803125
Fold 3 epoch 3
2021-10-21 06:39:58
val mean loss=0.0908125165068073, accuracy=0.7963541666666667
Fold 3 epoch 4
2021-10-21 06:41:48
val mean loss=0.08886932090476707, accuracy=0.7979166666666667
Fold 3 epoch 5
2021-10-21 06:43:39
val mean loss=0.09067442112989386, accuracy=0.7921875
Fold 3 epoch 6
2021-10-21 06:45:29
val mean loss=0.09009940064983603, accuracy=0.7916666666666666
Fold 3 epoch 7
2021-10-21 06:47:19
val mean loss=0.08984541834136586, accuracy=0.7869791666666667
Fold 3 epoch 8
2021-10-21 06:49:10
val mean loss=0.0873515835514775, accuracy=0.8015625
Fold 3 epoch 9
2021-10-21 06:51:00
val mean loss=0.08944092228579423, accuracy=0.79375
Fold 3 epoch 10
2021-10-21 06:52:51
val mean loss=0.08704077873700931, accuracy=0.8020833333333334
Fold 4 epoch 1
2021-10-21 06:54:42
val mean loss=0.0937447742179588, accuracy=0.7697916666666667
Fold 4 epoch 2
2021-10-21 06:56:32
val mean loss=0.0918091954517757, accuracy=0.7802083333333333
Fold 4 epoch 3
2021-10-21 06:58:23
val mean loss=0.09211992668026268, accuracy=0.7947916666666667
Fold 4 epoch 4
2021-10-21 07:00:14
val mean loss=0.09131092730863595, accuracy=0.7848958333333333
Fold 4 epoch 5
2021-10-21 07:02:05
val mean loss=0.08893369607964662, accuracy=0.7807291666666667
Fold 4 epoch 6
2021-10-21 07:03:56
val mean loss=0.09008369112211, accuracy=0.790625
Fold 4 epoch 7
2021-10-21 07:05:47
val mean loss=0.08722346349017611, accuracy=0.7890625
Fold 4 epoch 8
2021-10-21 07:07:37
val mean loss=0.08824035620983736, accuracy=0.7921875
Fold 4 epoch 9
2021-10-21 07:09:28
val mean loss=0.08884070262987427, accuracy=0.7947916666666667
Fold 4 epoch 10
2021-10-21 07:11:18
val mean loss=0.09068830945364242, accuracy=0.7869791666666667
Fold 5 epoch 1
2021-10-21 07:13:09
val mean loss=0.08809173293565035, accuracy=0.7880208333333333
Fold 5 epoch 2
2021-10-21 07:15:00
val mean loss=0.08417802720403475, accuracy=0.8026041666666667
Fold 5 epoch 3
2021-10-21 07:16:52
val mean loss=0.08499827443817515, accuracy=0.8010416666666667
Fold 5 epoch 4
2021-10-21 07:18:42
val mean loss=0.08470311773166735, accuracy=0.8015625
Fold 5 epoch 5
2021-10-21 07:20:33
val mean loss=0.08579872979058159, accuracy=0.8046875
Fold 5 epoch 6
2021-10-21 07:22:23
val mean loss=0.08425304350048426, accuracy=0.8020833333333334
Fold 5 epoch 7
2021-10-21 07:24:14
val mean loss=0.08394530790823478, accuracy=0.809375
Fold 5 epoch 8
2021-10-21 07:26:04
val mean loss=0.08324911231366695, accuracy=0.8151041666666666
Fold 5 epoch 9
2021-10-21 07:27:55
val mean loss=0.08288449416925878, accuracy=0.7984375
Fold 5 epoch 10
2021-10-21 07:29:46
val mean loss=0.08373566497991114, accuracy=0.8020833333333334
test 2021-10-21 07:31:52
test  mean loss=0.8827743565594709, accuracy=0.5047348484848485
