Fold 1 epoch 1
2021-11-15 06:37:44
train mean loss=0.5422008278929157, accuracy=0.5871642561983471
val mean loss=0.13287393821119772, accuracy=0.6244791666666667
Fold 1 epoch 2
2021-11-15 06:39:33
train mean loss=0.5255112337967986, accuracy=0.6739411157024794
val mean loss=0.12810108789200644, accuracy=0.69375
Fold 1 epoch 3
2021-11-15 06:41:23
train mean loss=0.4980943142141334, accuracy=0.731275826446281
val mean loss=0.11995819272327815, accuracy=0.7229166666666667
Fold 1 epoch 4
2021-11-15 06:43:11
train mean loss=0.45572127177391525, accuracy=0.7525826446280992
val mean loss=0.1091157279387423, accuracy=0.7395833333333334
Fold 1 epoch 5
2021-11-15 06:45:01
train mean loss=0.4161173392715768, accuracy=0.7581353305785123
val mean loss=0.10220622408046644, accuracy=0.7369791666666666
Fold 1 epoch 6
2021-11-15 06:46:50
train mean loss=0.38957999763174805, accuracy=0.7683367768595041
val mean loss=0.09784153910821357, accuracy=0.753125
Fold 1 epoch 7
2021-11-15 06:48:39
train mean loss=0.37576242807961296, accuracy=0.7744059917355371
val mean loss=0.09587983378657589, accuracy=0.7614583333333333
Fold 1 epoch 8
2021-11-15 06:50:28
train mean loss=0.36301268981808005, accuracy=0.784478305785124
val mean loss=0.09475358503836173, accuracy=0.7708333333333334
Fold 1 epoch 9
2021-11-15 06:52:17
train mean loss=0.35675258714966324, accuracy=0.7904183884297521
val mean loss=0.09085794986520775, accuracy=0.7807291666666667
Fold 1 epoch 10
2021-11-15 06:54:06
train mean loss=0.34417388704088, accuracy=0.8020402892561983
val mean loss=0.08911827758506492, accuracy=0.7802083333333333
Fold 1 epoch 11
2021-11-15 06:55:55
train mean loss=0.33516638779345853, accuracy=0.8013946280991735
val mean loss=0.08764045542650262, accuracy=0.7838541666666666
Fold 1 epoch 12
2021-11-15 06:57:45
train mean loss=0.326944445386345, accuracy=0.8150826446280992
val mean loss=0.08519554569888017, accuracy=0.7901041666666667
Fold 1 epoch 13
2021-11-15 06:59:34
train mean loss=0.3192119158835077, accuracy=0.8189566115702479
val mean loss=0.08328812269516933, accuracy=0.8005208333333333
Fold 1 epoch 14
2021-11-15 07:01:23
train mean loss=0.3125823201465999, accuracy=0.8232179752066116
val mean loss=0.0807419822049239, accuracy=0.8088541666666667
Fold 1 epoch 15
2021-11-15 07:03:12
train mean loss=0.30660428755567887, accuracy=0.8246384297520661
val mean loss=0.07985094270588439, accuracy=0.8114583333333333
Fold 1 epoch 16
2021-11-15 07:05:01
train mean loss=0.3005852703204371, accuracy=0.8256714876033058
val mean loss=0.07845797970461747, accuracy=0.8166666666666667
Fold 1 epoch 17
2021-11-15 07:06:50
train mean loss=0.29420959733641194, accuracy=0.8369059917355371
val mean loss=0.07669688056035297, accuracy=0.8192708333333333
Fold 1 epoch 18
2021-11-15 07:08:39
train mean loss=0.2856283454738036, accuracy=0.8387138429752066
val mean loss=0.07413171917322732, accuracy=0.8286458333333333
Fold 1 epoch 19
2021-11-15 07:10:28
train mean loss=0.28016089824001483, accuracy=0.8441373966942148
val mean loss=0.07328636283246578, accuracy=0.8333333333333334
Fold 1 epoch 20
2021-11-15 07:12:18
train mean loss=0.27490150104334327, accuracy=0.8481404958677686
val mean loss=0.0710687463666186, accuracy=0.8286458333333333
Fold 1 epoch 21
2021-11-15 07:14:07
train mean loss=0.270036534321161, accuracy=0.8483987603305785
val mean loss=0.07016559373204109, accuracy=0.8338541666666667
Fold 1 epoch 22
2021-11-15 07:15:56
train mean loss=0.2682043982140812, accuracy=0.846978305785124
val mean loss=0.0724611070421007, accuracy=0.8192708333333333
Fold 1 epoch 23
2021-11-15 07:17:45
train mean loss=0.26073302555476685, accuracy=0.8539514462809917
val mean loss=0.06833988099431795, accuracy=0.8359375
Fold 1 epoch 24
2021-11-15 07:19:34
train mean loss=0.2558888672801202, accuracy=0.856404958677686
val mean loss=0.06813241434685978, accuracy=0.840625
Fold 1 epoch 25
2021-11-15 07:21:24
train mean loss=0.25308419088277306, accuracy=0.8583419421487604
val mean loss=0.06702586299597972, accuracy=0.8473958333333333
Fold 1 epoch 26
2021-11-15 07:23:13
train mean loss=0.24959556359813045, accuracy=0.85963326446281
val mean loss=0.06588328797140239, accuracy=0.8380208333333333
Fold 1 epoch 27
2021-11-15 07:25:02
train mean loss=0.24387227978725984, accuracy=0.8609245867768595
val mean loss=0.06526739979967659, accuracy=0.8489583333333334
Fold 1 epoch 28
2021-11-15 07:26:51
train mean loss=0.24075181925738298, accuracy=0.8649276859504132
val mean loss=0.06511907606949041, accuracy=0.8442708333333333
Fold 1 epoch 29
2021-11-15 07:28:40
train mean loss=0.23596270888921164, accuracy=0.8686725206611571
val mean loss=0.06363462018377987, accuracy=0.8463541666666666
Fold 1 epoch 30
2021-11-15 07:30:29
train mean loss=0.2336745068860152, accuracy=0.8734504132231405
val mean loss=0.06364986454999005, accuracy=0.8526041666666667
Fold 1 epoch 31
2021-11-15 07:32:18
train mean loss=0.23343527032514658, accuracy=0.8707386363636364
val mean loss=0.06235713752699487, accuracy=0.8546875
Fold 1 epoch 32
2021-11-15 07:34:07
train mean loss=0.2289182030124429, accuracy=0.87525826446281
val mean loss=0.06493755799752694, accuracy=0.8484375
Fold 1 epoch 33
2021-11-15 07:35:56
train mean loss=0.23100883999969735, accuracy=0.8734504132231405
val mean loss=0.06835970034815156, accuracy=0.85
Fold 1 epoch 34
2021-11-15 07:37:45
train mean loss=0.22379004710005143, accuracy=0.8784865702479339
val mean loss=0.06016843260070424, accuracy=0.8619791666666666
Fold 1 epoch 35
2021-11-15 07:39:34
train mean loss=0.21813849186210477, accuracy=0.8839101239669421
val mean loss=0.06110061932002566, accuracy=0.853125
Fold 1 epoch 36
2021-11-15 07:41:24
train mean loss=0.22014138345365172, accuracy=0.8756456611570248
val mean loss=0.05986582349847864, accuracy=0.8578125
Fold 1 epoch 37
2021-11-15 07:43:13
train mean loss=0.21364026265870398, accuracy=0.8872675619834711
val mean loss=0.059864614039291573, accuracy=0.8427083333333333
Fold 1 epoch 38
2021-11-15 07:45:02
train mean loss=0.21584394498126497, accuracy=0.8833935950413223
val mean loss=0.059263560899491176, accuracy=0.8609375
Fold 1 epoch 39
2021-11-15 07:46:52
train mean loss=0.2115399149710259, accuracy=0.8871384297520661
val mean loss=0.06066732956058204, accuracy=0.8609375
Fold 1 epoch 40
2021-11-15 07:48:41
train mean loss=0.21045315187163804, accuracy=0.8888171487603306
val mean loss=0.059923720457916885, accuracy=0.865625
Fold 2 epoch 1
2021-11-15 07:50:30
train mean loss=0.222468878506633, accuracy=0.8756456611570248
val mean loss=0.05009600193902789, accuracy=0.8921875
Fold 2 epoch 2
2021-11-15 07:52:19
train mean loss=0.21572771945608005, accuracy=0.8819731404958677
val mean loss=0.04638074665893743, accuracy=0.9036458333333334
Fold 2 epoch 3
2021-11-15 07:54:08
train mean loss=0.2147257657698643, accuracy=0.8819731404958677
val mean loss=0.0488283898114177, accuracy=0.89375
Fold 2 epoch 4
2021-11-15 07:55:57
train mean loss=0.20754241236933954, accuracy=0.8870092975206612
val mean loss=0.046097003481515644, accuracy=0.9114583333333334
Fold 2 epoch 5
2021-11-15 07:57:46
train mean loss=0.20934701966650693, accuracy=0.8846849173553719
val mean loss=0.04689334125675782, accuracy=0.9057291666666667
Fold 2 epoch 6
2021-11-15 07:59:35
train mean loss=0.20292123747460636, accuracy=0.8890754132231405
val mean loss=0.046896110934975706, accuracy=0.9072916666666667
Fold 2 epoch 7
2021-11-15 08:01:24
train mean loss=0.19900657218179585, accuracy=0.8915289256198347
val mean loss=0.04540502897505898, accuracy=0.9072916666666667
Fold 2 epoch 8
2021-11-15 08:03:13
train mean loss=0.20141790963004155, accuracy=0.8899793388429752
val mean loss=0.04630513721042209, accuracy=0.9067708333333333
Fold 2 epoch 9
2021-11-15 08:05:03
train mean loss=0.2003571853716187, accuracy=0.8888171487603306
val mean loss=0.04548767299809083, accuracy=0.9072916666666667
Fold 2 epoch 10
2021-11-15 08:06:52
train mean loss=0.19568163740291517, accuracy=0.8930785123966942
val mean loss=0.05377130371062353, accuracy=0.8713541666666667
Fold 2 epoch 11
2021-11-15 08:08:41
train mean loss=0.1933760211300948, accuracy=0.8961776859504132
val mean loss=0.049873519041901265, accuracy=0.8895833333333333
Fold 2 epoch 12
2021-11-15 08:10:30
train mean loss=0.1873696686309061, accuracy=0.9014721074380165
val mean loss=0.046522686609024866, accuracy=0.9015625
Fold 2 epoch 13
2021-11-15 08:12:20
train mean loss=0.18540059122038477, accuracy=0.9013429752066116
val mean loss=0.04460544340895037, accuracy=0.9104166666666667
Fold 2 epoch 14
2021-11-15 08:14:09
train mean loss=0.18722933476844442, accuracy=0.8994059917355371
val mean loss=0.05183106410650559, accuracy=0.8802083333333334
Fold 2 epoch 15
2021-11-15 08:15:58
train mean loss=0.18267616332803735, accuracy=0.9022469008264463
val mean loss=0.046983454158767264, accuracy=0.8989583333333333
Fold 2 epoch 16
2021-11-15 08:17:47
train mean loss=0.1799011485076245, accuracy=0.9027634297520661
val mean loss=0.046370672100365405, accuracy=0.8994791666666667
Fold 2 epoch 17
2021-11-15 08:19:36
train mean loss=0.1798514926875079, accuracy=0.9048295454545454
val mean loss=0.04442121335017828, accuracy=0.9104166666666667
Fold 2 epoch 18
2021-11-15 08:21:25
train mean loss=0.18102813066278464, accuracy=0.9026342975206612
val mean loss=0.04767415238996592, accuracy=0.8989583333333333
Fold 2 epoch 19
2021-11-15 08:23:14
train mean loss=0.17032180735113198, accuracy=0.9087035123966942
val mean loss=0.04408603842856953, accuracy=0.9104166666666667
Fold 2 epoch 20
2021-11-15 08:25:03
train mean loss=0.17495110083999948, accuracy=0.9049586776859504
val mean loss=0.044233454451148894, accuracy=0.90625
Fold 2 epoch 21
2021-11-15 08:26:52
train mean loss=0.17753663053237853, accuracy=0.906379132231405
val mean loss=0.051122201323018646, accuracy=0.8755208333333333
Fold 2 epoch 22
2021-11-15 08:28:42
train mean loss=0.16760828475402706, accuracy=0.9125774793388429
val mean loss=0.043822869548091184, accuracy=0.909375
Fold 2 epoch 23
2021-11-15 08:30:31
train mean loss=0.16173789638550684, accuracy=0.9141270661157025
val mean loss=0.04571849382463306, accuracy=0.8984375
Fold 2 epoch 24
2021-11-15 08:32:20
train mean loss=0.15773372816941375, accuracy=0.9181301652892562
val mean loss=0.04338447527630339, accuracy=0.9083333333333333
Fold 2 epoch 25
2021-11-15 08:34:09
train mean loss=0.16031720461668791, accuracy=0.918646694214876
val mean loss=0.04586963982248503, accuracy=0.9067708333333333
Fold 2 epoch 26
2021-11-15 08:35:58
train mean loss=0.16081570367263667, accuracy=0.9159349173553719
val mean loss=0.04320801045178386, accuracy=0.9104166666666667
Fold 2 epoch 27
2021-11-15 08:37:47
train mean loss=0.1524063526848216, accuracy=0.9201962809917356
val mean loss=0.044872534814685464, accuracy=0.8973958333333333
Fold 2 epoch 28
2021-11-15 08:39:37
train mean loss=0.1485684093624476, accuracy=0.9234245867768595
val mean loss=0.04293067048115985, accuracy=0.9125
Fold 2 epoch 29
2021-11-15 08:41:26
train mean loss=0.15087570212014909, accuracy=0.922004132231405
val mean loss=0.04303694085329158, accuracy=0.9135416666666667
Fold 2 epoch 30
2021-11-15 08:43:15
train mean loss=0.14651457527537404, accuracy=0.9256198347107438
val mean loss=0.04309129744400213, accuracy=0.9046875
Fold 2 epoch 31
2021-11-15 08:45:04
train mean loss=0.14712551115962214, accuracy=0.9262654958677686
val mean loss=0.043663426436514524, accuracy=0.9057291666666667
Fold 2 epoch 32
2021-11-15 08:46:53
train mean loss=0.14275986427142295, accuracy=0.9288481404958677
val mean loss=0.04501942891642881, accuracy=0.9
Fold 2 epoch 33
2021-11-15 08:48:42
train mean loss=0.14143954726403632, accuracy=0.9296229338842975
val mean loss=0.04410839404588864, accuracy=0.9041666666666667
Fold 2 epoch 34
2021-11-15 08:50:31
train mean loss=0.14118330915278368, accuracy=0.9266528925619835
val mean loss=0.043655312257539096, accuracy=0.9052083333333333
Fold 2 epoch 35
2021-11-15 08:52:21
train mean loss=0.13464222788320157, accuracy=0.9328512396694215
val mean loss=0.043755488974567304, accuracy=0.9140625
Fold 2 epoch 36
2021-11-15 08:54:10
train mean loss=0.13600544382515267, accuracy=0.9333677685950413
val mean loss=0.04262937719439283, accuracy=0.9052083333333333
Fold 2 epoch 37
2021-11-15 08:55:59
train mean loss=0.136442080741066, accuracy=0.9346590909090909
val mean loss=0.0424009997167705, accuracy=0.9161458333333333
Fold 2 epoch 38
2021-11-15 08:57:48
train mean loss=0.12642044532936786, accuracy=0.9386621900826446
val mean loss=0.044179652845908586, accuracy=0.90625
Fold 2 epoch 39
2021-11-15 08:59:37
train mean loss=0.12805007043689368, accuracy=0.9403409090909091
val mean loss=0.048865983123151366, accuracy=0.8875
Fold 2 epoch 40
2021-11-15 09:01:26
train mean loss=0.12217300006882154, accuracy=0.9412448347107438
val mean loss=0.04230398533275589, accuracy=0.9114583333333334
Fold 3 epoch 1
2021-11-15 09:03:15
train mean loss=0.13306119402740227, accuracy=0.9338842975206612
val mean loss=0.028437732865290388, accuracy=0.9494791666666667
Fold 3 epoch 2
2021-11-15 09:05:04
train mean loss=0.13334383719251972, accuracy=0.9359504132231405
val mean loss=0.03153818789332982, accuracy=0.9385416666666667
Fold 3 epoch 3
2021-11-15 09:06:54
train mean loss=0.1265295232764978, accuracy=0.9385330578512396
val mean loss=0.03210183529206264, accuracy=0.9354166666666667
Fold 3 epoch 4
2021-11-15 09:08:43
train mean loss=0.12802167517658125, accuracy=0.937370867768595
val mean loss=0.030428795117900205, accuracy=0.9411458333333333
Fold 3 epoch 5
2021-11-15 09:10:32
train mean loss=0.12447281119264203, accuracy=0.9390495867768595
val mean loss=0.031025311731016685, accuracy=0.9395833333333333
Fold 3 epoch 6
2021-11-15 09:12:22
train mean loss=0.1211766134564278, accuracy=0.9440857438016529
val mean loss=0.03036523414737403, accuracy=0.940625
Fold 3 epoch 7
2021-11-15 09:14:11
train mean loss=0.11567983489958837, accuracy=0.9462809917355371
val mean loss=0.031122120908258385, accuracy=0.9421875
Fold 3 epoch 8
2021-11-15 09:16:00
train mean loss=0.11443544439818143, accuracy=0.9477014462809917
val mean loss=0.03156112074361417, accuracy=0.9427083333333334
Fold 3 epoch 9
2021-11-15 09:17:49
train mean loss=0.11288477417863446, accuracy=0.9482179752066116
val mean loss=0.033873609996136325, accuracy=0.9276041666666667
Fold 3 epoch 10
2021-11-15 09:19:39
train mean loss=0.10946750903325807, accuracy=0.9511880165289256
val mean loss=0.033972584072945046, accuracy=0.9286458333333333
Fold 3 epoch 11
2021-11-15 09:21:28
train mean loss=0.11294988413406498, accuracy=0.946926652892562
val mean loss=0.035060952965614726, accuracy=0.9302083333333333
Fold 3 epoch 12
2021-11-15 09:23:17
train mean loss=0.1050626596305596, accuracy=0.9537706611570248
val mean loss=0.033652855584650865, accuracy=0.9307291666666667
Fold 3 epoch 13
2021-11-15 09:25:06
train mean loss=0.10156671924846163, accuracy=0.9544163223140496
val mean loss=0.03124901684223379, accuracy=0.934375
Fold 3 epoch 14
2021-11-15 09:26:56
train mean loss=0.10086340016298333, accuracy=0.956353305785124
val mean loss=0.03335322715617992, accuracy=0.9302083333333333
Fold 3 epoch 15
2021-11-15 09:28:45
train mean loss=0.09815761015248396, accuracy=0.9575154958677686
val mean loss=0.033733736438515745, accuracy=0.9296875
Fold 3 epoch 16
2021-11-15 09:30:34
train mean loss=0.09384764155733243, accuracy=0.9604855371900827
val mean loss=0.031943920708487554, accuracy=0.934375
Fold 3 epoch 17
2021-11-15 09:32:23
train mean loss=0.09316780613773644, accuracy=0.9610020661157025
val mean loss=0.031075846265863488, accuracy=0.934375
Fold 3 epoch 18
2021-11-15 09:34:12
train mean loss=0.0885208369282538, accuracy=0.9646177685950413
val mean loss=0.031538670200379294, accuracy=0.9354166666666667
Fold 3 epoch 19
2021-11-15 09:36:02
train mean loss=0.08695127164385447, accuracy=0.9647469008264463
val mean loss=0.03203066636505441, accuracy=0.9354166666666667
Fold 3 epoch 20
2021-11-15 09:37:51
train mean loss=0.08518509460084232, accuracy=0.9643595041322314
val mean loss=0.03299465709262424, accuracy=0.9317708333333333
Fold 3 epoch 21
2021-11-15 09:39:40
train mean loss=0.08976475194157887, accuracy=0.9610020661157025
val mean loss=0.03163435905558582, accuracy=0.934375
Fold 3 epoch 22
2021-11-15 09:41:29
train mean loss=0.08340649607250229, accuracy=0.965521694214876
val mean loss=0.03197131779949361, accuracy=0.9338541666666667
Fold 3 epoch 23
2021-11-15 09:43:18
train mean loss=0.08165888303101308, accuracy=0.9662964876033058
val mean loss=0.03480949176191793, accuracy=0.9223958333333333
Fold 3 epoch 24
2021-11-15 09:45:08
train mean loss=0.07563358351526928, accuracy=0.9722365702479339
val mean loss=0.0337614915007917, accuracy=0.9286458333333333
Fold 3 epoch 25
2021-11-15 09:46:57
train mean loss=0.08130064984407935, accuracy=0.9679752066115702
val mean loss=0.037269147825829775, accuracy=0.9208333333333333
Fold 3 epoch 26
2021-11-15 09:48:46
train mean loss=0.07315809672752036, accuracy=0.9730113636363636
val mean loss=0.031770579216411576, accuracy=0.9322916666666666
Fold 3 epoch 27
2021-11-15 09:50:35
train mean loss=0.07287643831453205, accuracy=0.9732696280991735
val mean loss=0.03253990546666055, accuracy=0.9364583333333333
Fold 3 epoch 28
2021-11-15 09:52:24
train mean loss=0.06785743942967168, accuracy=0.9757231404958677
val mean loss=0.03461598623927238, accuracy=0.9234375
Fold 3 epoch 29
2021-11-15 09:54:14
train mean loss=0.07018695245554418, accuracy=0.9735278925619835
val mean loss=0.03166873832788977, accuracy=0.9333333333333333
Fold 3 epoch 30
2021-11-15 09:56:03
train mean loss=0.06437071289545224, accuracy=0.9803719008264463
val mean loss=0.03311362433335418, accuracy=0.9375
Fold 3 epoch 31
2021-11-15 09:57:52
train mean loss=0.06217066451845836, accuracy=0.9794679752066116
val mean loss=0.03348760278627215, accuracy=0.934375
Fold 3 epoch 32
2021-11-15 09:59:41
train mean loss=0.06111593269762188, accuracy=0.9790805785123967
val mean loss=0.033643874611874174, accuracy=0.9223958333333333
Fold 3 epoch 33
2021-11-15 10:01:31
train mean loss=0.057596095795494046, accuracy=0.9839876033057852
val mean loss=0.03306061554347536, accuracy=0.9307291666666667
Fold 3 epoch 34
2021-11-15 10:03:20
train mean loss=0.05572621236122194, accuracy=0.9836002066115702
val mean loss=0.03390456830523142, accuracy=0.928125
Fold 3 epoch 35
2021-11-15 10:05:09
train mean loss=0.05625061704298106, accuracy=0.9838584710743802
val mean loss=0.03352132697164276, accuracy=0.9255208333333333
Fold 3 epoch 36
2021-11-15 10:06:59
train mean loss=0.05620805400389212, accuracy=0.9815340909090909
val mean loss=0.034755154499791774, accuracy=0.9296875
Fold 3 epoch 37
2021-11-15 10:08:48
train mean loss=0.04947163760662079, accuracy=0.9879907024793388
val mean loss=0.03469850129060784, accuracy=0.9239583333333333
Fold 3 epoch 38
2021-11-15 10:10:37
train mean loss=0.05366398341371199, accuracy=0.98411673553719
val mean loss=0.046640804029786535, accuracy=0.896875
Fold 3 epoch 39
2021-11-15 10:12:26
train mean loss=0.05057088844324826, accuracy=0.9854080578512396
val mean loss=0.03798382100744993, accuracy=0.9239583333333333
Fold 3 epoch 40
2021-11-15 10:14:16
train mean loss=0.04780084878328896, accuracy=0.9885072314049587
val mean loss=0.03542638796347159, accuracy=0.9234375
Fold 4 epoch 1
2021-11-15 10:16:05
train mean loss=0.07350870949741253, accuracy=0.9710743801652892
val mean loss=0.010533089083408623, accuracy=0.9911458333333333
Fold 4 epoch 2
2021-11-15 10:17:54
train mean loss=0.06930508682266674, accuracy=0.9746900826446281
val mean loss=0.012812733601150199, accuracy=0.9869791666666666
Fold 4 epoch 3
2021-11-15 10:19:43
train mean loss=0.07042743867807427, accuracy=0.9727530991735537
val mean loss=0.011215816039607357, accuracy=0.9927083333333333
Fold 4 epoch 4
2021-11-15 10:21:32
train mean loss=0.06433131288844371, accuracy=0.9767561983471075
val mean loss=0.01265099106256854, accuracy=0.9859375
Fold 4 epoch 5
2021-11-15 10:23:21
train mean loss=0.05896249483396977, accuracy=0.981146694214876
val mean loss=0.01934119229944645, accuracy=0.9598958333333333
Fold 4 epoch 6
2021-11-15 10:25:10
train mean loss=0.05633383644706428, accuracy=0.9816632231404959
val mean loss=0.010628122496016232, accuracy=0.9895833333333334
Fold 4 epoch 7
2021-11-15 10:26:59
train mean loss=0.0555636990217515, accuracy=0.981404958677686
val mean loss=0.013785106446517347, accuracy=0.9755208333333333
Fold 4 epoch 8
2021-11-15 10:28:49
train mean loss=0.0568626615490933, accuracy=0.9794679752066116
val mean loss=0.012938184576270021, accuracy=0.9828125
Fold 4 epoch 9
2021-11-15 10:30:38
train mean loss=0.05116218108944442, accuracy=0.9850206611570248
val mean loss=0.014804550527054587, accuracy=0.9755208333333333
Fold 4 epoch 10
2021-11-15 10:32:27
train mean loss=0.05349329640100032, accuracy=0.981146694214876
val mean loss=0.0203077543419575, accuracy=0.9520833333333333
Fold 4 epoch 11
2021-11-15 10:34:16
train mean loss=0.05064588348561354, accuracy=0.9847623966942148
val mean loss=0.01240473926803212, accuracy=0.9833333333333333
Fold 4 epoch 12
2021-11-15 10:36:05
train mean loss=0.047500449185999334, accuracy=0.9865702479338843
val mean loss=0.012684997143568816, accuracy=0.9817708333333334
Fold 4 epoch 13
2021-11-15 10:37:55
train mean loss=0.041024781242319584, accuracy=0.9892820247933884
val mean loss=0.012580930475344873, accuracy=0.98125
Fold 4 epoch 14
2021-11-15 10:39:44
train mean loss=0.0384534428639667, accuracy=0.9934142561983471
val mean loss=0.011584415627114568, accuracy=0.984375
Fold 4 epoch 15
2021-11-15 10:41:33
train mean loss=0.04053308517354016, accuracy=0.9909607438016529
val mean loss=0.012453961476622295, accuracy=0.9822916666666667
Fold 4 epoch 16
2021-11-15 10:43:22
train mean loss=0.03908579212157324, accuracy=0.9914772727272727
val mean loss=0.012368429565625916, accuracy=0.9807291666666667
Fold 4 epoch 17
2021-11-15 10:45:11
train mean loss=0.036933434193516954, accuracy=0.9934142561983471
val mean loss=0.014215350739749862, accuracy=0.9760416666666667
Fold 4 epoch 18
2021-11-15 10:47:00
train mean loss=0.038920844551712394, accuracy=0.9908316115702479
val mean loss=0.014858989043490877, accuracy=0.9786458333333333
Fold 4 epoch 19
2021-11-15 10:48:49
train mean loss=0.037622548560056174, accuracy=0.9914772727272727
val mean loss=0.01703654125394154, accuracy=0.9666666666666667
Fold 4 epoch 20
2021-11-15 10:50:39
train mean loss=0.03770684662424488, accuracy=0.9919938016528925
val mean loss=0.014577671407181539, accuracy=0.9755208333333333
Fold 4 epoch 21
2021-11-15 10:52:28
train mean loss=0.034258137165028374, accuracy=0.9939307851239669
val mean loss=0.013926857807999285, accuracy=0.9744791666666667
Fold 4 epoch 22
2021-11-15 10:54:17
train mean loss=0.02931212693330192, accuracy=0.9963842975206612
val mean loss=0.012596216356312787, accuracy=0.9765625
Fold 4 epoch 23
2021-11-15 10:56:06
train mean loss=0.02872892171757702, accuracy=0.9959969008264463
val mean loss=0.016615598388169527, accuracy=0.9640625
Fold 4 epoch 24
2021-11-15 10:57:55
train mean loss=0.02816944505574772, accuracy=0.9959969008264463
val mean loss=0.012435193083904408, accuracy=0.984375
Fold 4 epoch 25
2021-11-15 10:59:44
train mean loss=0.02808373800398391, accuracy=0.9961260330578512
val mean loss=0.01250060384656176, accuracy=0.9817708333333334
Fold 4 epoch 26
2021-11-15 11:01:34
train mean loss=0.028194251509360325, accuracy=0.9958677685950413
val mean loss=0.01198088897108541, accuracy=0.9796875
Fold 4 epoch 27
2021-11-15 11:03:23
train mean loss=0.02530749067357538, accuracy=0.996900826446281
val mean loss=0.011705817496825638, accuracy=0.9817708333333334
Fold 4 epoch 28
2021-11-15 11:05:12
train mean loss=0.024848314672095296, accuracy=0.9971590909090909
val mean loss=0.01474171778792707, accuracy=0.9734375
Fold 4 epoch 29
2021-11-15 11:07:01
train mean loss=0.02664444302457841, accuracy=0.9954803719008265
val mean loss=0.012807130359818415, accuracy=0.9755208333333333
Fold 4 epoch 30
2021-11-15 11:08:51
train mean loss=0.020666052493048304, accuracy=0.9990960743801653
val mean loss=0.012636175653571455, accuracy=0.98125
Fold 4 epoch 31
2021-11-15 11:10:40
train mean loss=0.0206715632919912, accuracy=0.9985795454545454
val mean loss=0.013230077499224816, accuracy=0.9786458333333333
Fold 4 epoch 32
2021-11-15 11:12:29
train mean loss=0.02260030889462051, accuracy=0.9966425619834711
val mean loss=0.012637250131540339, accuracy=0.978125
Fold 4 epoch 33
2021-11-15 11:14:18
train mean loss=0.02034538490046199, accuracy=0.9985795454545454
val mean loss=0.0143100222932949, accuracy=0.9760416666666667
Fold 4 epoch 34
2021-11-15 11:16:07
train mean loss=0.019427631826067167, accuracy=0.9992252066115702
val mean loss=0.012333094068024875, accuracy=0.984375
Fold 4 epoch 35
2021-11-15 11:17:57
train mean loss=0.01965083708611045, accuracy=0.9992252066115702
val mean loss=0.01255487366713614, accuracy=0.9791666666666666
Fold 4 epoch 36
2021-11-15 11:19:46
train mean loss=0.018769395854247452, accuracy=0.9985795454545454
val mean loss=0.013707296311119456, accuracy=0.9739583333333334
Fold 4 epoch 37
2021-11-15 11:21:35
train mean loss=0.022762909316967544, accuracy=0.9959969008264463
val mean loss=0.014930995464815524, accuracy=0.9708333333333333
Fold 4 epoch 38
2021-11-15 11:23:25
train mean loss=0.01836185820186089, accuracy=0.9987086776859504
val mean loss=0.012300835972950782, accuracy=0.9770833333333333
Fold 4 epoch 39
2021-11-15 11:25:14
train mean loss=0.017044084295323846, accuracy=0.9990960743801653
val mean loss=0.016269885561593766, accuracy=0.9661458333333334
Fold 4 epoch 40
2021-11-15 11:27:03
train mean loss=0.016247110010542496, accuracy=0.9985795454545454
val mean loss=0.01242099345466237, accuracy=0.975
Fold 5 epoch 1
2021-11-15 11:28:52
train mean loss=0.027473429636454876, accuracy=0.9916064049586777
val mean loss=0.004196654027136265, accuracy=0.9989583333333333
Fold 5 epoch 2
2021-11-15 11:30:42
train mean loss=0.02469116695869116, accuracy=0.9950929752066116
val mean loss=0.003990876147285901, accuracy=0.9989583333333333
Fold 5 epoch 3
2021-11-15 11:32:31
train mean loss=0.028372758826233233, accuracy=0.9919938016528925
val mean loss=0.004660729220742552, accuracy=0.9973958333333334
Fold 5 epoch 4
2021-11-15 11:34:20
train mean loss=0.028118364690753166, accuracy=0.9917355371900827
val mean loss=0.00854619288886035, accuracy=0.9901041666666667
Fold 5 epoch 5
2021-11-15 11:36:09
train mean loss=0.021991764898162812, accuracy=0.9963842975206612
val mean loss=0.004071884580845696, accuracy=0.9984375
Fold 5 epoch 6
2021-11-15 11:37:59
train mean loss=0.022166674740520524, accuracy=0.9961260330578512
val mean loss=0.00426101805373965, accuracy=0.9984375
Fold 5 epoch 7
2021-11-15 11:39:48
train mean loss=0.018535109548043813, accuracy=0.9985795454545454
val mean loss=0.004493110562548226, accuracy=0.9984375
Fold 5 epoch 8
2021-11-15 11:41:38
train mean loss=0.01755422474241551, accuracy=0.9983212809917356
val mean loss=0.003934626311922269, accuracy=0.9989583333333333
Fold 5 epoch 9
2021-11-15 11:43:27
train mean loss=0.01748996872470212, accuracy=0.9993543388429752
val mean loss=0.003909152568367774, accuracy=0.9989583333333333
Fold 5 epoch 10
2021-11-15 11:45:16
train mean loss=0.016842357587421874, accuracy=0.9989669421487604
val mean loss=0.004069613791051715, accuracy=0.9989583333333333
Fold 5 epoch 11
2021-11-15 11:47:05
train mean loss=0.015533206752911517, accuracy=0.9989669421487604
val mean loss=0.004358615876470574, accuracy=0.9979166666666667
Fold 5 epoch 12
2021-11-15 11:48:55
train mean loss=0.016272846762658146, accuracy=0.9989669421487604
val mean loss=0.0051092005959508845, accuracy=0.9958333333333333
Fold 5 epoch 13
2021-11-15 11:50:44
train mean loss=0.016707849965541942, accuracy=0.9980630165289256
val mean loss=0.004930655394561987, accuracy=0.9979166666666667
Fold 5 epoch 14
2021-11-15 11:52:33
train mean loss=0.013094431149616163, accuracy=0.9996126033057852
val mean loss=0.0046837224881835435, accuracy=0.9979166666666667
Fold 5 epoch 15
2021-11-15 11:54:22
train mean loss=0.014449834851203141, accuracy=0.9992252066115702
val mean loss=0.0048569267546689065, accuracy=0.9973958333333334
Fold 5 epoch 16
2021-11-15 11:56:11
train mean loss=0.012684235918055837, accuracy=0.99974173553719
val mean loss=0.004498200388356982, accuracy=0.9973958333333334
Fold 5 epoch 17
2021-11-15 11:58:00
train mean loss=0.014501277654749867, accuracy=0.9993543388429752
val mean loss=0.004862644100262795, accuracy=0.996875
Fold 5 epoch 18
2021-11-15 11:59:50
train mean loss=0.011960912735005956, accuracy=0.9993543388429752
val mean loss=0.004599585172570782, accuracy=0.9984375
Fold 5 epoch 19
2021-11-15 12:01:39
train mean loss=0.01220353815106698, accuracy=0.99974173553719
val mean loss=0.004318252175187868, accuracy=0.9973958333333334
Fold 5 epoch 20
2021-11-15 12:03:28
train mean loss=0.011689682470427619, accuracy=0.9996126033057852
val mean loss=0.004299752294649312, accuracy=0.9984375
Fold 5 epoch 21
2021-11-15 12:05:17
train mean loss=0.010873704780766994, accuracy=0.999870867768595
val mean loss=0.006438185164222011, accuracy=0.9901041666666667
Fold 5 epoch 22
2021-11-15 12:07:06
train mean loss=0.010957223210683084, accuracy=0.9994834710743802
val mean loss=0.004240187925934301, accuracy=0.9973958333333334
Fold 5 epoch 23
2021-11-15 12:08:56
train mean loss=0.010565567715668384, accuracy=0.999870867768595
val mean loss=0.004203452813772508, accuracy=0.9994791666666667
Fold 5 epoch 24
2021-11-15 12:10:45
train mean loss=0.01099838672106158, accuracy=0.99974173553719
val mean loss=0.004267258531272166, accuracy=0.9989583333333333
Fold 5 epoch 25
2021-11-15 12:12:35
train mean loss=0.010290720516148908, accuracy=0.999870867768595
val mean loss=0.004002141885060833, accuracy=0.9989583333333333
Fold 5 epoch 26
2021-11-15 12:14:24
train mean loss=0.009577951820973506, accuracy=1.0
val mean loss=0.004988201729064125, accuracy=0.9963541666666667
Fold 5 epoch 27
2021-11-15 12:16:13
train mean loss=0.009404916652006868, accuracy=1.0
val mean loss=0.004415495497454341, accuracy=0.9979166666666667
Fold 5 epoch 28
2021-11-15 12:18:02
train mean loss=0.010160834185871078, accuracy=1.0
val mean loss=0.004277135174215576, accuracy=0.9973958333333334
Fold 5 epoch 29
2021-11-15 12:19:52
train mean loss=0.009311179786062045, accuracy=1.0
val mean loss=0.004909062177065469, accuracy=0.996875
Fold 5 epoch 30
2021-11-15 12:21:41
train mean loss=0.008569921895003123, accuracy=1.0
val mean loss=0.0049503111851558765, accuracy=0.9963541666666667
Fold 5 epoch 31
2021-11-15 12:23:30
train mean loss=0.008599448095194596, accuracy=0.999870867768595
val mean loss=0.0044907354247668155, accuracy=0.9963541666666667
Fold 5 epoch 32
2021-11-15 12:25:19
train mean loss=0.008138513615653839, accuracy=1.0
val mean loss=0.005232084974830533, accuracy=0.9963541666666667
Fold 5 epoch 33
2021-11-15 12:27:09
train mean loss=0.00815489301343023, accuracy=1.0
val mean loss=0.006488382951222329, accuracy=0.9901041666666667
Fold 5 epoch 34
2021-11-15 12:28:58
train mean loss=0.008222853879869721, accuracy=1.0
val mean loss=0.0046664615962731006, accuracy=0.9963541666666667
Fold 5 epoch 35
2021-11-15 12:30:47
train mean loss=0.00759434208212566, accuracy=0.999870867768595
val mean loss=0.004821927336508354, accuracy=0.9963541666666667
Fold 5 epoch 36
2021-11-15 12:32:36
train mean loss=0.008426739608125431, accuracy=1.0
val mean loss=0.004645859373449789, accuracy=0.9958333333333333
Fold 5 epoch 37
2021-11-15 12:34:26
train mean loss=0.008588504486184551, accuracy=1.0
val mean loss=0.004858025816487677, accuracy=0.9958333333333333
Fold 5 epoch 38
2021-11-15 12:36:15
train mean loss=0.008559854860597677, accuracy=1.0
val mean loss=0.005381331267793482, accuracy=0.9942708333333333
Fold 5 epoch 39
2021-11-15 12:38:04
train mean loss=0.008448236840374676, accuracy=0.999870867768595
val mean loss=0.00496151595694538, accuracy=0.9958333333333333
Fold 5 epoch 40
2021-11-15 12:39:54
train mean loss=0.008529458329878717, accuracy=0.99974173553719
val mean loss=0.006208256457322909, accuracy=0.9911458333333333
test 2021-11-16 05:45:02
test  mean loss=0.5559786443357114, accuracy=0.8399621212121212
