Fold 1 epoch 1
2021-10-11 20:08:09
<<<<<<< HEAD
=======
val mean loss=0.13703884313135972, accuracy=0.5088541666666667
Fold 1 epoch 2
2021-10-11 20:10:45
val mean loss=0.1370565999191975, accuracy=0.4973958333333333
Fold 1 epoch 3
2021-10-11 20:13:19
val mean loss=0.13665010075510284, accuracy=0.5270833333333333
Fold 1 epoch 4
2021-10-11 20:15:54
val mean loss=0.1369536478333022, accuracy=0.509375
Fold 1 epoch 5
2021-10-11 20:18:29
val mean loss=0.13526584994155194, accuracy=0.5385416666666667
Fold 1 epoch 6
2021-10-11 20:21:03
val mean loss=0.13386183295230317, accuracy=0.56875
Fold 1 epoch 7
2021-10-11 20:23:38
val mean loss=0.12994364632500544, accuracy=0.596875
Fold 1 epoch 8
2021-10-11 20:26:13
val mean loss=0.12669913170268995, accuracy=0.6223958333333334
Fold 1 epoch 9
2021-10-11 20:28:47
val mean loss=0.11830448260523165, accuracy=0.6682291666666667
Fold 1 epoch 10
2021-10-11 20:31:22
val mean loss=0.11227132911054195, accuracy=0.6916666666666667
Fold 2 epoch 1
2021-10-11 20:33:57
val mean loss=0.10365723817927357, accuracy=0.7307291666666667
Fold 2 epoch 2
2021-10-11 20:36:32
val mean loss=0.10355919182545854, accuracy=0.7421875
Fold 2 epoch 3
2021-10-11 20:39:06
val mean loss=0.09275794814152973, accuracy=0.7932291666666667
Fold 2 epoch 4
2021-10-11 20:41:41
val mean loss=0.08895479013890396, accuracy=0.8005208333333333
Fold 2 epoch 5
2021-10-11 20:44:16
val mean loss=0.08993850715856984, accuracy=0.7932291666666667
Fold 2 epoch 6
2021-10-11 20:46:51
val mean loss=0.08338084750705295, accuracy=0.8015625
Fold 2 epoch 7
2021-10-11 20:49:26
val mean loss=0.08495247844805934, accuracy=0.8072916666666666
Fold 2 epoch 8
2021-10-11 20:52:01
val mean loss=0.08091364534794057, accuracy=0.8161458333333333
Fold 2 epoch 9
2021-10-11 20:54:36
val mean loss=0.0898400249795168, accuracy=0.7927083333333333
Fold 2 epoch 10
2021-10-11 20:57:10
val mean loss=0.08065015622127203, accuracy=0.8265625
Fold 3 epoch 1
2021-10-11 20:59:45
val mean loss=0.05993925053396343, accuracy=0.8734375
Fold 3 epoch 2
2021-10-11 21:02:19
val mean loss=0.05328435672163473, accuracy=0.8984375
Fold 3 epoch 3
2021-10-11 21:04:54
val mean loss=0.04919917436293614, accuracy=0.8984375
Fold 3 epoch 4
2021-10-11 21:07:29
val mean loss=0.05242806040210488, accuracy=0.8828125
Fold 3 epoch 5
2021-10-11 21:10:04
val mean loss=0.05174925082014421, accuracy=0.890625
Fold 3 epoch 6
2021-10-11 21:12:39
val mean loss=0.052211667677012, accuracy=0.890625
Fold 3 epoch 7
2021-10-11 21:15:13
val mean loss=0.05144096372549426, accuracy=0.8848958333333333
Fold 3 epoch 8
2021-10-11 21:17:47
val mean loss=0.051493810086583894, accuracy=0.8890625
Fold 3 epoch 9
2021-10-11 21:20:21
val mean loss=0.053415786287912125, accuracy=0.8817708333333333
Fold 3 epoch 10
2021-10-11 21:22:55
val mean loss=0.05958938515235367, accuracy=0.8864583333333333
Fold 4 epoch 1
2021-10-11 21:25:29
val mean loss=0.019315886448440237, accuracy=0.96875
Fold 4 epoch 2
2021-10-11 21:28:03
val mean loss=0.016828959640652064, accuracy=0.9770833333333333
Fold 4 epoch 3
2021-10-11 21:30:38
val mean loss=0.016282377100775763, accuracy=0.975
Fold 4 epoch 4
2021-10-11 21:33:12
val mean loss=0.01740455311021687, accuracy=0.9682291666666667
Fold 4 epoch 5
2021-10-11 21:35:46
val mean loss=0.01823488969371152, accuracy=0.9677083333333333
Fold 4 epoch 6
2021-10-11 21:38:21
val mean loss=0.02742938254595784, accuracy=0.946875
Fold 4 epoch 7
2021-10-11 21:40:55
val mean loss=0.0178050746397717, accuracy=0.9666666666666667
Fold 4 epoch 8
2021-10-11 21:43:29
val mean loss=0.019264443813528053, accuracy=0.9614583333333333
Fold 4 epoch 9
2021-10-11 21:46:03
val mean loss=0.01896508906358554, accuracy=0.9625
Fold 4 epoch 10
2021-10-11 21:48:38
val mean loss=0.016736366253330873, accuracy=0.9640625
Fold 5 epoch 1
2021-10-11 21:51:12
val mean loss=0.008172273359916828, accuracy=0.9885416666666667
Fold 5 epoch 2
2021-10-11 21:54:17
val mean loss=0.004993195243087815, accuracy=0.9953125
Fold 5 epoch 3
2021-10-11 21:56:51
val mean loss=0.006546426083080072, accuracy=0.9911458333333333
Fold 5 epoch 4
2021-10-11 21:59:26
val mean loss=0.005902795082747691, accuracy=0.9942708333333333
Fold 5 epoch 5
2021-10-11 22:02:01
val mean loss=0.006502208622640052, accuracy=0.9880208333333333
Fold 5 epoch 6
2021-10-11 22:04:36
val mean loss=0.007303093747837553, accuracy=0.9895833333333334
Fold 5 epoch 7
2021-10-11 22:07:11
val mean loss=0.007055363641599569, accuracy=0.9911458333333333
Fold 5 epoch 8
2021-10-11 22:09:46
val mean loss=0.0069226514042159655, accuracy=0.9895833333333334
Fold 5 epoch 9
2021-10-11 22:12:22
val mean loss=0.006284068006669543, accuracy=0.9901041666666667
Fold 5 epoch 10
2021-10-11 22:14:58
val mean loss=0.007575661685976963, accuracy=0.9833333333333333
2021-10-12 18:12:50
test  mean loss=0.49652961020668346, accuracy=0.8630952380952381
>>>>>>> 7d9dd90ae3a2f7122eaa1cc973b1f96f73867f1c
