Fold 1 epoch 1
2021-10-25 15:19:35
val mean loss=0.13609288180315937, accuracy=0.5463541666666667
Fold 1 epoch 2
2021-10-25 15:21:49
val mean loss=0.13399416605631512, accuracy=0.56875
Fold 1 epoch 3
2021-10-25 15:24:00
val mean loss=0.1318420622083876, accuracy=0.6010416666666667
Fold 1 epoch 4
2021-10-25 15:26:15
val mean loss=0.12900742228629658, accuracy=0.6458333333333334
Fold 1 epoch 5
2021-10-25 15:28:29
val mean loss=0.1240552372402615, accuracy=0.684375
Fold 1 epoch 6
2021-10-25 15:30:44
val mean loss=0.11752883181159879, accuracy=0.7046875
Fold 1 epoch 7
2021-10-25 15:32:57
val mean loss=0.11398899878984615, accuracy=0.7161458333333334
Fold 1 epoch 8
2021-10-25 15:35:10
val mean loss=0.10971162898059734, accuracy=0.7234375
Fold 1 epoch 9
2021-10-25 15:37:26
val mean loss=0.10891626715169522, accuracy=0.7234375
Fold 1 epoch 10
2021-10-25 15:39:40
val mean loss=0.10667128543304318, accuracy=0.7348958333333333
Fold 1 epoch 11
2021-10-25 15:41:54
val mean loss=0.10598074104560255, accuracy=0.7380208333333333
Fold 1 epoch 12
2021-10-25 15:44:06
val mean loss=0.10364411475727096, accuracy=0.7526041666666666
Fold 1 epoch 13
2021-10-25 15:46:20
val mean loss=0.1035076677063365, accuracy=0.7515625
Fold 1 epoch 14
2021-10-25 15:48:35
val mean loss=0.10325690081090103, accuracy=0.7515625
Fold 1 epoch 15
2021-10-25 15:50:49
val mean loss=0.10103643578266411, accuracy=0.7494791666666667
Fold 1 epoch 16
2021-10-25 15:53:03
val mean loss=0.09893333941330144, accuracy=0.7505208333333333
Fold 1 epoch 17
2021-10-25 15:55:17
val mean loss=0.0967308743009842, accuracy=0.771875
Fold 1 epoch 18
2021-10-25 15:57:33
val mean loss=0.09888206136570055, accuracy=0.7572916666666667
Fold 1 epoch 19
2021-10-25 15:59:46
val mean loss=0.09741326339941457, accuracy=0.7682291666666666
Fold 1 epoch 20
2021-10-25 16:01:59
val mean loss=0.09512434535556369, accuracy=0.7697916666666667
Fold 2 epoch 1
2021-10-25 16:04:13
val mean loss=0.09312045152295273, accuracy=0.7791666666666667
Fold 2 epoch 2
2021-10-25 16:06:27
val mean loss=0.09133442615775905, accuracy=0.790625
Fold 2 epoch 3
2021-10-25 16:08:41
val mean loss=0.09058586148077569, accuracy=0.7864583333333334
Fold 2 epoch 4
2021-10-25 16:10:57
val mean loss=0.08985435717390398, accuracy=0.784375
Fold 2 epoch 5
2021-10-25 16:13:12
val mean loss=0.08737798561284571, accuracy=0.8
Fold 2 epoch 6
2021-10-25 16:15:28
val mean loss=0.08619553405070991, accuracy=0.80625
Fold 2 epoch 7
2021-10-25 16:17:44
val mean loss=0.08664351922494394, accuracy=0.796875
Fold 2 epoch 8
2021-10-25 16:19:57
val mean loss=0.0872080398685157, accuracy=0.7901041666666667
Fold 2 epoch 9
2021-10-25 16:22:11
val mean loss=0.08612428888862515, accuracy=0.8041666666666667
Fold 2 epoch 10
2021-10-25 16:24:25
val mean loss=0.08595724871129165, accuracy=0.7947916666666667
Fold 2 epoch 11
2021-10-25 16:26:40
val mean loss=0.08379936630343214, accuracy=0.7994791666666666
Fold 2 epoch 12
2021-10-25 16:28:55
val mean loss=0.08502599653393153, accuracy=0.8005208333333333
Fold 2 epoch 13
2021-10-25 16:31:09
val mean loss=0.08380895230014629, accuracy=0.790625
Fold 2 epoch 14
2021-10-25 16:33:23
val mean loss=0.08082680054652838, accuracy=0.8114583333333333
Fold 2 epoch 15
2021-10-25 16:35:38
val mean loss=0.0816014138759409, accuracy=0.8114583333333333
Fold 2 epoch 16
2021-10-25 16:37:53
val mean loss=0.08279616430463124, accuracy=0.809375
Fold 2 epoch 17
2021-10-25 16:40:07
val mean loss=0.08052215340696735, accuracy=0.803125
Fold 2 epoch 18
2021-10-25 16:42:22
val mean loss=0.08229692266801748, accuracy=0.8083333333333333
Fold 2 epoch 19
2021-10-25 16:44:38
val mean loss=0.08051218947265373, accuracy=0.8104166666666667
Fold 2 epoch 20
2021-10-25 16:46:51
val mean loss=0.08194263991995604, accuracy=0.8177083333333334
Fold 3 epoch 1
2021-10-25 16:49:07
val mean loss=0.07854714315124009, accuracy=0.8208333333333333
Fold 3 epoch 2
2021-10-25 16:51:22
val mean loss=0.0770647274613871, accuracy=0.8317708333333333
Fold 3 epoch 3
2021-10-25 16:53:37
val mean loss=0.07804396280045373, accuracy=0.8223958333333333
Fold 3 epoch 4
2021-10-25 16:55:54
val mean loss=0.0780687557816996, accuracy=0.8239583333333333
Fold 3 epoch 5
2021-10-25 16:58:09
val mean loss=0.07911500557950495, accuracy=0.8125
Fold 3 epoch 6
2021-10-25 17:00:25
val mean loss=0.07780989697931234, accuracy=0.8197916666666667
Fold 3 epoch 7
2021-10-25 17:02:40
val mean loss=0.07616902928293487, accuracy=0.825
Fold 3 epoch 8
2021-10-25 17:04:55
val mean loss=0.07382343198046272, accuracy=0.8395833333333333
Fold 3 epoch 9
2021-10-25 17:07:09
val mean loss=0.0775816574018188, accuracy=0.8234375
Fold 3 epoch 10
2021-10-25 17:09:25
val mean loss=0.0766644293388712, accuracy=0.8244791666666667
Fold 3 epoch 11
2021-10-25 17:11:41
val mean loss=0.07411224694899571, accuracy=0.8260416666666667
Fold 3 epoch 12
2021-10-25 17:13:56
val mean loss=0.07659503589441746, accuracy=0.8171875
Fold 3 epoch 13
2021-10-25 17:16:12
val mean loss=0.07491609490947959, accuracy=0.828125
Fold 3 epoch 14
2021-10-25 17:18:29
val mean loss=0.07467905385994617, accuracy=0.8296875
Fold 3 epoch 15
2021-10-25 17:20:43
val mean loss=0.07410693207885993, accuracy=0.8286458333333333
Fold 3 epoch 16
2021-10-25 17:22:58
val mean loss=0.07445447984546301, accuracy=0.8270833333333333
Fold 3 epoch 17
2021-10-25 17:25:10
val mean loss=0.07421049718503599, accuracy=0.8276041666666667
Fold 3 epoch 18
2021-10-25 17:27:23
val mean loss=0.07528946841204608, accuracy=0.8239583333333333
Fold 3 epoch 19
2021-10-25 17:29:39
val mean loss=0.07270412307707862, accuracy=0.8354166666666667
Fold 3 epoch 20
2021-10-25 17:31:53
val mean loss=0.07354021896550685, accuracy=0.8369791666666667
Fold 4 epoch 1
2021-10-25 17:34:08
val mean loss=0.07668898772800901, accuracy=0.8182291666666667
Fold 4 epoch 2
2021-10-25 17:36:23
val mean loss=0.07891197852146478, accuracy=0.8234375
Fold 4 epoch 3
2021-10-25 17:38:36
val mean loss=0.07452347621996216, accuracy=0.825
Fold 4 epoch 4
2021-10-25 17:40:51
val mean loss=0.07545424586951488, accuracy=0.8291666666666667
Fold 4 epoch 5
2021-10-25 17:43:04
val mean loss=0.07534353428907355, accuracy=0.8229166666666666
Fold 4 epoch 6
2021-10-25 17:45:20
val mean loss=0.07349490628811557, accuracy=0.8260416666666667
Fold 4 epoch 7
2021-10-25 17:47:35
val mean loss=0.07358057597046526, accuracy=0.8328125
Fold 4 epoch 8
2021-10-25 17:49:51
val mean loss=0.07287212193257524, accuracy=0.8286458333333333
Fold 4 epoch 9
2021-10-25 17:52:06
val mean loss=0.07418505154519414, accuracy=0.8291666666666667
Fold 4 epoch 10
2021-10-25 17:54:19
val mean loss=0.07209720209302235, accuracy=0.8328125
Fold 4 epoch 11
2021-10-25 17:56:34
val mean loss=0.07300948596295015, accuracy=0.83125
Fold 4 epoch 12
2021-10-25 17:58:48
val mean loss=0.0721067647384518, accuracy=0.834375
Fold 4 epoch 13
2021-10-25 18:01:03
val mean loss=0.07205619743331469, accuracy=0.8338541666666667
Fold 4 epoch 14
2021-10-25 18:03:18
val mean loss=0.07300734382597998, accuracy=0.8375
Fold 4 epoch 15
2021-10-25 18:05:34
val mean loss=0.07336763177879553, accuracy=0.8286458333333333
Fold 4 epoch 16
2021-10-25 18:07:50
val mean loss=0.07226593484603819, accuracy=0.8380208333333333
Fold 4 epoch 17
2021-10-25 18:10:07
val mean loss=0.07410140469241044, accuracy=0.8296875
Fold 4 epoch 18
2021-10-25 18:12:23
val mean loss=0.07262816311400613, accuracy=0.8296875
Fold 4 epoch 19
2021-10-25 18:14:38
val mean loss=0.07220326745461043, accuracy=0.8296875
Fold 4 epoch 20
2021-10-25 18:16:54
test 2021-10-25 09:17:02
test  mean loss=2.8758896403842504, accuracy=0.5359848484848485
val mean loss=0.07079802030398522, accuracy=0.8432291666666667
Fold 5 epoch 1
2021-10-25 18:19:05
val mean loss=0.06694302480407212, accuracy=0.846875
Fold 5 epoch 2
2021-10-25 18:21:22
val mean loss=0.06702009660226327, accuracy=0.846875
Fold 5 epoch 3
2021-10-25 18:23:35
val mean loss=0.06786953362908384, accuracy=0.8463541666666666
Fold 5 epoch 4
2021-10-25 18:25:50
val mean loss=0.06603193086851772, accuracy=0.8458333333333333
Fold 5 epoch 5
2021-10-25 18:28:07
val mean loss=0.06627373253857648, accuracy=0.8453125
Fold 5 epoch 6
2021-10-25 18:30:21
val mean loss=0.06989927782443325, accuracy=0.8380208333333333
Fold 5 epoch 7
2021-10-25 18:32:37
val mean loss=0.06774091936433266, accuracy=0.8546875
Fold 5 epoch 8
2021-10-25 18:34:51
val mean loss=0.06636699541115466, accuracy=0.853125
Fold 5 epoch 9
2021-10-25 18:37:05
val mean loss=0.06556638847162694, accuracy=0.8572916666666667
Fold 5 epoch 10
2021-10-25 18:39:18
val mean loss=0.06578356738934302, accuracy=0.8536458333333333
Fold 5 epoch 11
2021-10-25 18:41:32
val mean loss=0.06667531527609491, accuracy=0.8541666666666666
Fold 5 epoch 12
2021-10-25 18:43:47
val mean loss=0.06698235621668183, accuracy=0.8520833333333333
Fold 5 epoch 13
2021-10-25 18:46:02
val mean loss=0.06651954278043268, accuracy=0.846875
Fold 5 epoch 14
2021-10-25 18:48:18
val mean loss=0.0663387052316234, accuracy=0.846875
Fold 5 epoch 15
2021-10-25 18:50:34
val mean loss=0.06458083837611195, accuracy=0.8552083333333333
Fold 5 epoch 16
2021-10-25 18:52:48
val mean loss=0.06380871863031584, accuracy=0.8588541666666667
Fold 5 epoch 17
2021-10-25 18:55:06
val mean loss=0.06586380789799945, accuracy=0.8520833333333333
Fold 5 epoch 18
2021-10-25 18:57:19
val mean loss=0.06383464032239874, accuracy=0.8515625
Fold 5 epoch 19
2021-10-25 18:59:34
val mean loss=0.06633905265556932, accuracy=0.8484375
Fold 5 epoch 20
2021-10-25 19:01:47
val mean loss=0.06620541472493867, accuracy=0.8458333333333333
test 2021-10-25 19:04:20
test  mean loss=0.6188280114421139, accuracy=0.6818181818181818
