Fold 1 epoch 1
2021-10-26 23:23:45
val mean loss=0.13281531039579414, accuracy=0.63125
Fold 1 epoch 2
2021-10-26 23:26:20
val mean loss=0.1264129309006679, accuracy=0.7145833333333333
Fold 1 epoch 3
2021-10-26 23:28:54
val mean loss=0.11642791685253505, accuracy=0.7380208333333333
Fold 1 epoch 4
2021-10-26 23:31:28
val mean loss=0.10591400248523603, accuracy=0.75
Fold 1 epoch 5
2021-10-26 23:34:02
val mean loss=0.10133217273916237, accuracy=0.7510416666666667
Fold 1 epoch 6
2021-10-26 23:36:36
val mean loss=0.09750637576413253, accuracy=0.7588541666666667
Fold 1 epoch 7
2021-10-26 23:39:10
val mean loss=0.09530712645730854, accuracy=0.7614583333333333
Fold 1 epoch 8
2021-10-26 23:41:44
val mean loss=0.09466648317658852, accuracy=0.76875
Fold 1 epoch 9
2021-10-26 23:44:18
val mean loss=0.09102528713367604, accuracy=0.7796875
Fold 1 epoch 10
2021-10-26 23:46:52
val mean loss=0.08985797524942783, accuracy=0.7854166666666667
Fold 1 epoch 11
2021-10-26 23:49:26
val mean loss=0.08782560324963228, accuracy=0.7901041666666667
Fold 1 epoch 12
2021-10-26 23:52:00
val mean loss=0.0863217736467903, accuracy=0.7875
Fold 1 epoch 13
2021-10-26 23:54:35
val mean loss=0.0849006048445839, accuracy=0.7901041666666667
Fold 1 epoch 14
2021-10-26 23:57:09
val mean loss=0.08426410209985427, accuracy=0.7973958333333333
Fold 1 epoch 15
2021-10-26 23:59:43
val mean loss=0.08102915100600003, accuracy=0.8083333333333333
Fold 1 epoch 16
2021-10-27 00:02:17
val mean loss=0.08009814607753675, accuracy=0.8135416666666667
Fold 1 epoch 17
2021-10-27 00:04:51
val mean loss=0.07740791972282002, accuracy=0.8182291666666667
Fold 1 epoch 18
2021-10-27 00:07:25
val mean loss=0.07566711039209562, accuracy=0.8208333333333333
Fold 1 epoch 19
2021-10-27 00:09:59
val mean loss=0.0757599975837111, accuracy=0.8208333333333333
Fold 1 epoch 20
2021-10-27 00:12:34
val mean loss=0.07501696578759716, accuracy=0.8203125
Fold 2 epoch 1
2021-10-27 00:15:08
val mean loss=0.06510919101934864, accuracy=0.85625
Fold 2 epoch 2
2021-10-27 00:17:42
val mean loss=0.06781902813617094, accuracy=0.8458333333333333
Fold 2 epoch 3
2021-10-27 00:20:17
val mean loss=0.0656206953182142, accuracy=0.853125
Fold 2 epoch 4
2021-10-27 00:22:51
val mean loss=0.06294671723872056, accuracy=0.8546875
Fold 2 epoch 5
2021-10-27 00:25:26
val mean loss=0.06446933608977393, accuracy=0.853125
Fold 2 epoch 6
2021-10-27 00:28:00
val mean loss=0.06639678811830749, accuracy=0.8494791666666667
Fold 2 epoch 7
2021-10-27 00:30:34
val mean loss=0.06547135099952603, accuracy=0.8473958333333333
Fold 2 epoch 8
2021-10-27 00:33:08
val mean loss=0.060512957749543364, accuracy=0.8614583333333333
Fold 2 epoch 9
2021-10-27 00:35:43
val mean loss=0.06187218952571413, accuracy=0.8578125
Fold 2 epoch 10
2021-10-27 00:38:17
val mean loss=0.058208812705773876, accuracy=0.8729166666666667
Fold 2 epoch 11
2021-10-27 00:40:51
val mean loss=0.060739520449697236, accuracy=0.8635416666666667
Fold 2 epoch 12
2021-10-27 00:43:26
val mean loss=0.05867808865912166, accuracy=0.8723958333333334
Fold 2 epoch 13
2021-10-27 00:46:00
val mean loss=0.06543804843729906, accuracy=0.8442708333333333
Fold 2 epoch 14
2021-10-27 00:48:35
val mean loss=0.05572131808402607, accuracy=0.8760416666666667
Fold 2 epoch 15
2021-10-27 00:51:10
val mean loss=0.06319101886984743, accuracy=0.8510416666666667
Fold 2 epoch 16
2021-10-27 00:53:44
val mean loss=0.059216370111630286, accuracy=0.865625
Fold 2 epoch 17
2021-10-27 00:56:18
val mean loss=0.05803435192186646, accuracy=0.8723958333333334
Fold 2 epoch 18
2021-10-27 00:58:53
val mean loss=0.06143875857930124, accuracy=0.8604166666666667
Fold 2 epoch 19
2021-10-27 01:01:27
val mean loss=0.05908708140683272, accuracy=0.8703125
Fold 2 epoch 20
2021-10-27 01:04:01
val mean loss=0.05593334627740177, accuracy=0.8765625
Fold 3 epoch 1
2021-10-27 01:06:36
val mean loss=0.05510434211526879, accuracy=0.8854166666666666
Fold 3 epoch 2
2021-10-27 01:09:10
val mean loss=0.0525253634393951, accuracy=0.8875
Fold 3 epoch 3
2021-10-27 01:11:44
val mean loss=0.0522717152112796, accuracy=0.8875
Fold 3 epoch 4
2021-10-27 01:14:19
val mean loss=0.052571187392183784, accuracy=0.8895833333333333
Fold 3 epoch 5
2021-10-27 01:16:53
val mean loss=0.05405597735824899, accuracy=0.8864583333333333
Fold 3 epoch 6
2021-10-27 01:19:27
val mean loss=0.054307809778692304, accuracy=0.8838541666666667
Fold 3 epoch 7
2021-10-27 01:22:02
val mean loss=0.0525314103428719, accuracy=0.8864583333333333
Fold 3 epoch 8
2021-10-27 01:24:36
val mean loss=0.05335775108494386, accuracy=0.884375
Fold 3 epoch 9
2021-10-27 01:27:11
val mean loss=0.052677449081169725, accuracy=0.8921875
Fold 3 epoch 10
2021-10-27 01:29:45
val mean loss=0.052954200952631945, accuracy=0.8869791666666667
Fold 3 epoch 11
2021-10-27 01:32:20
val mean loss=0.053068362047642835, accuracy=0.8869791666666667
Fold 3 epoch 12
2021-10-27 01:34:54
val mean loss=0.05193823737862669, accuracy=0.8838541666666667
Fold 3 epoch 13
2021-10-27 01:37:28
val mean loss=0.05470835201043651, accuracy=0.8828125
Fold 3 epoch 14
2021-10-27 01:40:03
val mean loss=0.0542135863637728, accuracy=0.8833333333333333
Fold 3 epoch 15
2021-10-27 01:42:37
val mean loss=0.053281076945395134, accuracy=0.8802083333333334
Fold 3 epoch 16
2021-10-27 01:45:11
val mean loss=0.0529376021137944, accuracy=0.8880208333333334
Fold 3 epoch 17
2021-10-27 01:47:46
val mean loss=0.05070616620067706, accuracy=0.8921875
Fold 3 epoch 18
2021-10-27 01:50:20
val mean loss=0.050533387199841406, accuracy=0.8875
Fold 3 epoch 19
2021-10-27 01:52:54
val mean loss=0.05099875416775299, accuracy=0.890625
Fold 3 epoch 20
2021-10-27 01:55:29
val mean loss=0.05241864453617928, accuracy=0.8890625
Fold 4 epoch 1
2021-10-27 01:58:03
val mean loss=0.04271279637215069, accuracy=0.9046875
Fold 4 epoch 2
2021-10-27 02:00:39
val mean loss=0.04447400403120881, accuracy=0.8984375
Fold 4 epoch 3
2021-10-27 02:03:13
val mean loss=0.04233861146149812, accuracy=0.9020833333333333
Fold 4 epoch 4
2021-10-27 02:05:48
val mean loss=0.04202724989549613, accuracy=0.9052083333333333
Fold 4 epoch 5
2021-10-27 02:08:22
val mean loss=0.0449440869774838, accuracy=0.8973958333333333
Fold 4 epoch 6
2021-10-27 02:10:56
val mean loss=0.0417486470422627, accuracy=0.9067708333333333
Fold 4 epoch 7
2021-10-27 02:13:31
val mean loss=0.04361065287648896, accuracy=0.9026041666666667
Fold 4 epoch 8
2021-10-27 02:16:05
val mean loss=0.041642685682194716, accuracy=0.9072916666666667
Fold 4 epoch 9
2021-10-27 02:18:39
val mean loss=0.04242744332968943, accuracy=0.909375
Fold 4 epoch 10
2021-10-27 02:21:14
val mean loss=0.041676306332089776, accuracy=0.903125
Fold 4 epoch 11
2021-10-27 02:23:48
val mean loss=0.04642058586387477, accuracy=0.8994791666666667
Fold 4 epoch 12
2021-10-27 02:26:23
val mean loss=0.04191509970912227, accuracy=0.9109375
Fold 4 epoch 13
2021-10-27 02:28:57
val mean loss=0.0420930065735868, accuracy=0.9046875
Fold 4 epoch 14
2021-10-27 02:31:31
val mean loss=0.04166018055299672, accuracy=0.9114583333333334
Fold 4 epoch 15
2021-10-27 02:34:06
val mean loss=0.04493009425975658, accuracy=0.8973958333333333
Fold 4 epoch 16
2021-10-27 02:36:40
val mean loss=0.04169536250118366, accuracy=0.9057291666666667
Fold 4 epoch 17
2021-10-27 02:39:15
val mean loss=0.04737381444546421, accuracy=0.896875
Fold 4 epoch 18
2021-10-27 02:41:49
val mean loss=0.04226393699645996, accuracy=0.9015625
Fold 4 epoch 19
2021-10-27 02:44:23
val mean loss=0.0459486296147476, accuracy=0.8953125
Fold 4 epoch 20
2021-10-27 02:46:58
val mean loss=0.04083818314987936, accuracy=0.90625
Fold 5 epoch 1
2021-10-27 02:49:32
val mean loss=0.03367378194145705, accuracy=0.9375
Fold 5 epoch 2
2021-10-27 02:52:07
val mean loss=0.031125451458825004, accuracy=0.9484375
Fold 5 epoch 3
2021-10-27 02:54:41
val mean loss=0.03308736277215275, accuracy=0.9364583333333333
Fold 5 epoch 4
2021-10-27 02:57:15
val mean loss=0.03113624769964336, accuracy=0.9421875
Fold 5 epoch 5
2021-10-27 02:59:50
val mean loss=0.03218719169436168, accuracy=0.9421875
Fold 5 epoch 6
2021-10-27 03:02:24
val mean loss=0.03427751584308138, accuracy=0.9354166666666667
Fold 5 epoch 7
2021-10-27 03:04:59
val mean loss=0.03175962770917288, accuracy=0.9421875
Fold 5 epoch 8
2021-10-27 03:07:33
val mean loss=0.032281325775900004, accuracy=0.9395833333333333
Fold 5 epoch 9
2021-10-27 03:10:07
val mean loss=0.033673528683038405, accuracy=0.9364583333333333
Fold 5 epoch 10
2021-10-27 03:12:42
val mean loss=0.033956901330516175, accuracy=0.9395833333333333
Fold 5 epoch 11
2021-10-27 03:15:16
val mean loss=0.033099386574309546, accuracy=0.9380208333333333
Fold 5 epoch 12
2021-10-27 03:17:50
val mean loss=0.03265164158471818, accuracy=0.9401041666666666
Fold 5 epoch 13
2021-10-27 03:20:25
val mean loss=0.03359703978393303, accuracy=0.9333333333333333
Fold 5 epoch 14
2021-10-27 03:22:59
val mean loss=0.03420444368825528, accuracy=0.9302083333333333
Fold 5 epoch 15
2021-10-27 03:25:34
val mean loss=0.032337222226853236, accuracy=0.9369791666666667
Fold 5 epoch 16
2021-10-27 03:28:08
val mean loss=0.03277864397307973, accuracy=0.9395833333333333
Fold 5 epoch 17
2021-10-27 03:30:42
val mean loss=0.031024280840477335, accuracy=0.94375
Fold 5 epoch 18
2021-10-27 03:33:17
val mean loss=0.033374394850475796, accuracy=0.9338541666666667
Fold 5 epoch 19
2021-10-27 03:35:51
val mean loss=0.03245784446535778, accuracy=0.9385416666666667
Fold 5 epoch 20
2021-10-27 03:38:25
val mean loss=0.0321317356309773, accuracy=0.9364583333333333
test 2021-10-27 03:41:21
test  mean loss=0.6787762535942925, accuracy=0.6960227272727273
