Fold 1 epoch 1
2021-10-21 08:36:56
val mean loss=0.1347446520142104, accuracy=0.5682291666666667
Fold 1 epoch 2
2021-10-21 08:38:46
val mean loss=0.1313626485596959, accuracy=0.6104166666666667
Fold 1 epoch 3
2021-10-21 08:40:37
val mean loss=0.12747447677109958, accuracy=0.6609375
Fold 1 epoch 4
2021-10-21 08:42:28
val mean loss=0.12172947557865346, accuracy=0.6947916666666667
Fold 1 epoch 5
2021-10-21 08:44:18
val mean loss=0.11615629941838268, accuracy=0.7104166666666667
Fold 1 epoch 6
2021-10-21 08:46:09
val mean loss=0.1115806950463189, accuracy=0.7234375
Fold 1 epoch 7
2021-10-21 08:47:59
val mean loss=0.10796990669313282, accuracy=0.73125
Fold 1 epoch 8
2021-10-21 08:49:50
val mean loss=0.10858523070566939, accuracy=0.7286458333333333
Fold 1 epoch 9
2021-10-21 08:51:41
val mean loss=0.10553563514364109, accuracy=0.7442708333333333
Fold 1 epoch 10
2021-10-21 08:53:31
val mean loss=0.10407471656799316, accuracy=0.7411458333333333
Fold 1 epoch 11
2021-10-21 08:55:22
val mean loss=0.10259257932749305, accuracy=0.7484375
Fold 1 epoch 12
2021-10-21 08:57:13
val mean loss=0.10321487379662785, accuracy=0.7317708333333334
Fold 1 epoch 13
2021-10-21 08:59:03
val mean loss=0.10111246246369288, accuracy=0.7520833333333333
Fold 1 epoch 14
2021-10-21 09:00:54
val mean loss=0.09928259221614634, accuracy=0.7463541666666667
Fold 1 epoch 15
2021-10-21 09:02:44
val mean loss=0.09942069622714823, accuracy=0.7536458333333333
Fold 1 epoch 16
2021-10-21 09:04:35
val mean loss=0.09778382552504049, accuracy=0.7630208333333334
Fold 1 epoch 17
2021-10-21 09:06:25
val mean loss=0.09943809685883699, accuracy=0.7505208333333333
Fold 1 epoch 18
2021-10-21 09:08:16
val mean loss=0.09516021763836896, accuracy=0.7682291666666666
Fold 1 epoch 19
2021-10-21 09:10:06
val mean loss=0.09433891802658269, accuracy=0.76875
Fold 1 epoch 20
2021-10-21 09:11:57
val mean loss=0.09538520157582475, accuracy=0.7796875
Fold 2 epoch 1
2021-10-21 09:13:48
val mean loss=0.08933287746131174, accuracy=0.7953125
Fold 2 epoch 2
2021-10-21 09:15:38
val mean loss=0.08971902725627884, accuracy=0.7916666666666666
Fold 2 epoch 3
2021-10-21 09:17:29
val mean loss=0.08790332672527297, accuracy=0.7911458333333333
Fold 2 epoch 4
2021-10-21 09:19:19
val mean loss=0.08977824552559559, accuracy=0.7828125
Fold 2 epoch 5
2021-10-21 09:21:09
val mean loss=0.08933874824900687, accuracy=0.7864583333333334
Fold 2 epoch 6
2021-10-21 09:23:00
val mean loss=0.08514391757823803, accuracy=0.8026041666666667
Fold 2 epoch 7
2021-10-21 09:24:51
val mean loss=0.0864280019767981, accuracy=0.7911458333333333
Fold 2 epoch 8
2021-10-21 09:26:41
val mean loss=0.08612210819260083, accuracy=0.7911458333333333
Fold 2 epoch 9
2021-10-21 09:28:31
val mean loss=0.08205072300914874, accuracy=0.8130208333333333
Fold 2 epoch 10
2021-10-21 09:30:22
val mean loss=0.08527726930845912, accuracy=0.796875
Fold 2 epoch 11
2021-10-21 09:32:12
val mean loss=0.08398591579233178, accuracy=0.790625
Fold 2 epoch 12
2021-10-21 09:34:03
val mean loss=0.08515949327759291, accuracy=0.7932291666666667
Fold 2 epoch 13
2021-10-21 09:35:53
val mean loss=0.08365433127791794, accuracy=0.8114583333333333
Fold 2 epoch 14
2021-10-21 09:37:44
val mean loss=0.0844038531613448, accuracy=0.8052083333333333
Fold 2 epoch 15
2021-10-21 09:39:34
val mean loss=0.08110914976017956, accuracy=0.8130208333333333
Fold 2 epoch 16
2021-10-21 09:41:25
val mean loss=0.08252806388792187, accuracy=0.8036458333333333
Fold 2 epoch 17
2021-10-21 09:43:15
val mean loss=0.08129313669086974, accuracy=0.8130208333333333
Fold 2 epoch 18
2021-10-21 09:45:06
val mean loss=0.08145703033164696, accuracy=0.80625
Fold 2 epoch 19
2021-10-21 09:46:56
val mean loss=0.07998836697864925, accuracy=0.8135416666666667
Fold 2 epoch 20
2021-10-21 09:48:47
val mean loss=0.07928968300054103, accuracy=0.8255208333333334
Fold 3 epoch 1
2021-10-21 09:50:37
val mean loss=0.08074821268089515, accuracy=0.8130208333333333
Fold 3 epoch 2
2021-10-21 09:52:28
val mean loss=0.08110228762214566, accuracy=0.8140625
Fold 3 epoch 3
2021-10-21 09:54:18
val mean loss=0.07771031728987832, accuracy=0.8135416666666667
Fold 3 epoch 4
2021-10-21 09:56:09
val mean loss=0.08134097307307239, accuracy=0.809375
Fold 3 epoch 5
2021-10-21 09:57:59
val mean loss=0.07904122121049544, accuracy=0.81875
Fold 3 epoch 6
2021-10-21 09:59:50
val mean loss=0.0779899010442412, accuracy=0.8265625
Fold 3 epoch 7
2021-10-21 10:01:41
val mean loss=0.07774551591755431, accuracy=0.8229166666666666
Fold 3 epoch 8
2021-10-21 10:03:31
val mean loss=0.0797257072150462, accuracy=0.8119791666666667
Fold 3 epoch 9
2021-10-21 10:05:22
val mean loss=0.07807476392989296, accuracy=0.8317708333333333
Fold 3 epoch 10
2021-10-21 10:07:12
val mean loss=0.07821316601317606, accuracy=0.821875
Fold 3 epoch 11
2021-10-21 10:09:02
val mean loss=0.07740226890815138, accuracy=0.8229166666666666
Fold 3 epoch 12
2021-10-21 10:10:53
val mean loss=0.07696216901143392, accuracy=0.8265625
Fold 3 epoch 13
2021-10-21 10:12:43
val mean loss=0.07565125202445827, accuracy=0.828125
Fold 3 epoch 14
2021-10-21 10:14:34
val mean loss=0.0766036601714146, accuracy=0.828125
Fold 3 epoch 15
2021-10-21 10:16:24
val mean loss=0.07553825751253607, accuracy=0.8333333333333334
Fold 3 epoch 16
2021-10-21 10:18:15
val mean loss=0.07537291157883381, accuracy=0.83125
Fold 3 epoch 17
2021-10-21 10:20:06
val mean loss=0.07621069032959486, accuracy=0.8354166666666667
Fold 3 epoch 18
2021-10-21 10:21:56
val mean loss=0.07398872159636069, accuracy=0.8359375
Fold 3 epoch 19
2021-10-21 10:23:47
val mean loss=0.07256114630051601, accuracy=0.8359375
Fold 3 epoch 20
2021-10-21 10:25:37
val mean loss=0.07381399040850102, accuracy=0.8348958333333333
Fold 4 epoch 1
2021-10-21 10:27:28
val mean loss=0.07645409489855354, accuracy=0.8239583333333333
Fold 4 epoch 2
2021-10-21 10:29:18
val mean loss=0.07491361045052486, accuracy=0.8223958333333333
Fold 4 epoch 3
2021-10-21 10:31:09
val mean loss=0.07767483334482451, accuracy=0.8223958333333333
Fold 4 epoch 4
2021-10-21 10:32:59
val mean loss=0.07393712369502817, accuracy=0.8317708333333333
Fold 4 epoch 5
2021-10-21 10:34:50
val mean loss=0.07549586963261105, accuracy=0.8265625
Fold 4 epoch 6
2021-10-21 10:36:40
val mean loss=0.07436069735774288, accuracy=0.8239583333333333
Fold 4 epoch 7
2021-10-21 10:38:31
val mean loss=0.07133268721309709, accuracy=0.8348958333333333
Fold 4 epoch 8
2021-10-21 10:40:21
val mean loss=0.07337365562533155, accuracy=0.8395833333333333
Fold 4 epoch 9
2021-10-21 10:42:12
val mean loss=0.07235799522556886, accuracy=0.8359375
Fold 4 epoch 10
2021-10-21 10:44:02
val mean loss=0.07165577647126752, accuracy=0.8411458333333334
Fold 4 epoch 11
2021-10-21 10:45:53
val mean loss=0.07237782556824233, accuracy=0.840625
Fold 4 epoch 12
2021-10-21 10:47:44
val mean loss=0.07095020729818462, accuracy=0.8401041666666667
Fold 4 epoch 13
2021-10-21 10:49:34
val mean loss=0.07457497070846243, accuracy=0.828125
Fold 4 epoch 14
2021-10-21 10:51:25
val mean loss=0.0714245180043664, accuracy=0.834375
Fold 4 epoch 15
2021-10-21 10:53:16
val mean loss=0.07334927178214116, accuracy=0.8348958333333333
Fold 4 epoch 16
2021-10-21 10:55:06
val mean loss=0.07100644484468939, accuracy=0.8390625
Fold 4 epoch 17
2021-10-21 10:56:57
val mean loss=0.07191965158093613, accuracy=0.8411458333333334
Fold 4 epoch 18
2021-10-21 10:58:47
val mean loss=0.06939186853636439, accuracy=0.840625
Fold 4 epoch 19
2021-10-21 11:00:38
val mean loss=0.07108288694311071, accuracy=0.84375
Fold 4 epoch 20
2021-10-21 11:02:29
val mean loss=0.07035910484722122, accuracy=0.846875
Fold 5 epoch 1
2021-10-21 11:04:19
val mean loss=0.06578238275316027, accuracy=0.8520833333333333
Fold 5 epoch 2
2021-10-21 11:06:10
val mean loss=0.06505232544102296, accuracy=0.8541666666666666
Fold 5 epoch 3
2021-10-21 11:08:00
val mean loss=0.06549314069159237, accuracy=0.85
Fold 5 epoch 4
2021-10-21 11:09:51
val mean loss=0.06508130114755513, accuracy=0.8484375
Fold 5 epoch 5
2021-10-21 11:11:41
val mean loss=0.06590165640591594, accuracy=0.85
Fold 5 epoch 6
2021-10-21 11:13:31
val mean loss=0.06466142797666322, accuracy=0.8536458333333333
Fold 5 epoch 7
2021-10-21 11:15:22
val mean loss=0.06511276818106694, accuracy=0.8546875
Fold 5 epoch 8
2021-10-21 11:17:12
val mean loss=0.06326722441386784, accuracy=0.8640625
Fold 5 epoch 9
2021-10-21 11:19:03
val mean loss=0.06303493260356134, accuracy=0.853125
Fold 5 epoch 10
2021-10-21 11:20:53
val mean loss=0.06313030729568544, accuracy=0.8609375
Fold 5 epoch 11
2021-10-21 11:22:44
val mean loss=0.06460223541338257, accuracy=0.8572916666666667
Fold 5 epoch 12
2021-10-21 11:24:35
val mean loss=0.06316949447977199, accuracy=0.8651041666666667
Fold 5 epoch 13
2021-10-21 11:26:25
val mean loss=0.06291009761669018, accuracy=0.8567708333333334
Fold 5 epoch 14
2021-10-21 11:28:16
val mean loss=0.0626051728126934, accuracy=0.8625
Fold 5 epoch 15
2021-10-21 11:30:06
val mean loss=0.06165254086623957, accuracy=0.8671875
Fold 5 epoch 16
2021-10-21 11:31:57
val mean loss=0.063447976308595, accuracy=0.8526041666666667
Fold 5 epoch 17
2021-10-21 11:33:48
val mean loss=0.06212270200988393, accuracy=0.8703125
Fold 5 epoch 18
2021-10-21 11:35:38
val mean loss=0.062233326072064936, accuracy=0.8583333333333333
Fold 5 epoch 19
2021-10-21 11:37:29
val mean loss=0.06121526657308571, accuracy=0.865625
Fold 5 epoch 20
2021-10-21 11:39:20
val mean loss=0.05962291293674045, accuracy=0.8619791666666666
test 2021-10-21 11:41:26
test  mean loss=0.5466196828418308, accuracy=0.7320075757575758
