Fold 1 epoch 1
2021-10-20 07:01:16
val mean loss=0.13565871313275624, accuracy=0.55
Fold 1 epoch 2
2021-10-20 07:03:07
val mean loss=0.13347832244119526, accuracy=0.6244791666666667
Fold 1 epoch 3
2021-10-20 07:04:57
val mean loss=0.1294038851074721, accuracy=0.7161458333333334
Fold 1 epoch 4
2021-10-20 07:06:48
val mean loss=0.12159028975561323, accuracy=0.7510416666666667
Fold 1 epoch 5
2021-10-20 07:08:38
val mean loss=0.11076701050432622, accuracy=0.74375
Fold 1 epoch 6
2021-10-20 07:10:29
val mean loss=0.10167507006798261, accuracy=0.7557291666666667
Fold 1 epoch 7
2021-10-20 07:12:19
val mean loss=0.09603397208476754, accuracy=0.7708333333333334
Fold 1 epoch 8
2021-10-20 07:14:09
val mean loss=0.09445785318382482, accuracy=0.7666666666666667
Fold 1 epoch 9
2021-10-20 07:16:00
val mean loss=0.09285415739679533, accuracy=0.7802083333333333
Fold 1 epoch 10
2021-10-20 07:17:51
val mean loss=0.09044667879740396, accuracy=0.7734375
Fold 2 epoch 1
2021-10-20 07:19:41
val mean loss=0.08488407723697615, accuracy=0.8010416666666667
Fold 2 epoch 2
2021-10-20 07:21:32
val mean loss=0.08624943156301239, accuracy=0.7989583333333333
Fold 2 epoch 3
2021-10-20 07:23:23
val mean loss=0.0809243174737373, accuracy=0.8140625
Fold 2 epoch 4
2021-10-20 07:25:14
val mean loss=0.07811164031794042, accuracy=0.81875
Fold 2 epoch 5
2021-10-20 07:27:04
val mean loss=0.07756857616911209, accuracy=0.8203125
Fold 2 epoch 6
2021-10-20 07:28:55
val mean loss=0.07464406029187112, accuracy=0.8223958333333333
Fold 2 epoch 7
2021-10-20 07:30:46
val mean loss=0.0774969059743999, accuracy=0.8114583333333333
Fold 2 epoch 8
2021-10-20 07:32:36
val mean loss=0.0734523824212973, accuracy=0.8296875
Fold 2 epoch 9
2021-10-20 07:34:27
val mean loss=0.07180453524177458, accuracy=0.8322916666666667
Fold 2 epoch 10
2021-10-20 07:36:18
val mean loss=0.07314022931542416, accuracy=0.8317708333333333
Fold 3 epoch 1
2021-10-20 07:38:08
val mean loss=0.06758857263949673, accuracy=0.8489583333333334
Fold 3 epoch 2
2021-10-20 07:39:59
val mean loss=0.06759437042989849, accuracy=0.8546875
Fold 3 epoch 3
2021-10-20 07:41:49
val mean loss=0.06693973168424128, accuracy=0.8552083333333333
Fold 3 epoch 4
2021-10-20 07:43:40
val mean loss=0.06691347650049155, accuracy=0.8604166666666667
Fold 3 epoch 5
2021-10-20 07:45:31
val mean loss=0.06624998290842943, accuracy=0.8489583333333334
Fold 3 epoch 6
2021-10-20 07:47:21
val mean loss=0.06582666934762962, accuracy=0.8552083333333333
Fold 3 epoch 7
2021-10-20 07:49:11
val mean loss=0.06615874561262719, accuracy=0.8536458333333333
Fold 3 epoch 8
2021-10-20 07:51:02
val mean loss=0.06363236021112513, accuracy=0.8557291666666667
Fold 3 epoch 9
2021-10-20 07:52:52
val mean loss=0.06470509801872473, accuracy=0.8541666666666666
Fold 3 epoch 10
2021-10-20 07:54:43
val mean loss=0.06336911656728988, accuracy=0.8609375
Fold 4 epoch 1
2021-10-20 07:56:34
val mean loss=0.06277421501928887, accuracy=0.8557291666666667
Fold 4 epoch 2
2021-10-20 07:58:24
val mean loss=0.06281466336897862, accuracy=0.8598958333333333
Fold 4 epoch 3
2021-10-20 08:00:14
val mean loss=0.06129999445299062, accuracy=0.8604166666666667
Fold 4 epoch 4
2021-10-20 08:02:05
val mean loss=0.06133526774590889, accuracy=0.8651041666666667
Fold 4 epoch 5
2021-10-20 08:03:56
val mean loss=0.06118876158945845, accuracy=0.8614583333333333
Fold 4 epoch 6
2021-10-20 08:05:47
val mean loss=0.06077338334464242, accuracy=0.8614583333333333
Fold 4 epoch 7
2021-10-20 08:07:37
val mean loss=0.05915340160636745, accuracy=0.86875
Fold 4 epoch 8
2021-10-20 08:09:27
val mean loss=0.05965773617779767, accuracy=0.8625
Fold 4 epoch 9
2021-10-20 08:11:18
val mean loss=0.05964428848690457, accuracy=0.8697916666666666
Fold 4 epoch 10
2021-10-20 08:13:08
val mean loss=0.05914228139100251, accuracy=0.8713541666666667
Fold 5 epoch 1
2021-10-20 08:14:59
val mean loss=0.05189871111033875, accuracy=0.8895833333333333
Fold 5 epoch 2
2021-10-20 08:16:49
val mean loss=0.052673937460032016, accuracy=0.8875
Fold 5 epoch 3
2021-10-20 08:18:40
val mean loss=0.054459098729577084, accuracy=0.8770833333333333
Fold 5 epoch 4
2021-10-20 08:20:30
val mean loss=0.052941858817520455, accuracy=0.88125
Fold 5 epoch 5
2021-10-20 08:22:21
val mean loss=0.05103585317792225, accuracy=0.8880208333333334
Fold 5 epoch 6
2021-10-20 08:24:11
val mean loss=0.05645287429354318, accuracy=0.8708333333333333
Fold 5 epoch 7
2021-10-20 08:26:02
val mean loss=0.052142592222111706, accuracy=0.8770833333333333
Fold 5 epoch 8
2021-10-20 08:27:52
val mean loss=0.05049980844489831, accuracy=0.8916666666666667
Fold 5 epoch 9
2021-10-20 08:29:43
val mean loss=0.05367749512440874, accuracy=0.8822916666666667
Fold 5 epoch 10
2021-10-20 08:31:34
val mean loss=0.050785628660225575, accuracy=0.8901041666666667
test 2021-10-20 08:33:40
test  mean loss=0.7420740939952709, accuracy=0.6410984848484849
