Fold 1 epoch 1
2021-10-20 04:08:32
val mean loss=0.13672453758647904, accuracy=0.5213541666666667
Fold 1 epoch 2
2021-10-20 04:10:23
val mean loss=0.13620311478037894, accuracy=0.534375
Fold 1 epoch 3
2021-10-20 04:12:14
val mean loss=0.13554452064106004, accuracy=0.5473958333333333
Fold 1 epoch 4
2021-10-20 04:14:05
val mean loss=0.13509899618203747, accuracy=0.5395833333333333
Fold 1 epoch 5
2021-10-20 04:15:55
val mean loss=0.13260613861397952, accuracy=0.5729166666666666
Fold 1 epoch 6
2021-10-20 04:17:46
val mean loss=0.13008771119294343, accuracy=0.6036458333333333
Fold 1 epoch 7
2021-10-20 04:19:36
val mean loss=0.12790312825897593, accuracy=0.6348958333333333
Fold 1 epoch 8
2021-10-20 04:21:27
val mean loss=0.12158191468980577, accuracy=0.6723958333333333
Fold 1 epoch 9
2021-10-20 04:23:18
val mean loss=0.11839563189220036, accuracy=0.671875
Fold 1 epoch 10
2021-10-20 04:25:08
val mean loss=0.11354532555788142, accuracy=0.7104166666666667
Fold 2 epoch 1
2021-10-20 04:26:58
val mean loss=0.10626739925808376, accuracy=0.7380208333333333
Fold 2 epoch 2
2021-10-20 04:28:49
val mean loss=0.10858396738154408, accuracy=0.7338541666666667
Fold 2 epoch 3
2021-10-20 04:30:39
val mean loss=0.10658612427888094, accuracy=0.7463541666666667
Fold 2 epoch 4
2021-10-20 04:32:30
val mean loss=0.10114091060779713, accuracy=0.7614583333333333
Fold 2 epoch 5
2021-10-20 04:34:21
val mean loss=0.09868648042404111, accuracy=0.7697916666666667
Fold 2 epoch 6
2021-10-20 04:36:11
val mean loss=0.10388959817925598, accuracy=0.7359375
Fold 2 epoch 7
2021-10-20 04:38:01
val mean loss=0.09895080970638573, accuracy=0.7635416666666667
Fold 2 epoch 8
2021-10-20 04:39:52
val mean loss=0.09536347114500195, accuracy=0.76875
Fold 2 epoch 9
2021-10-20 04:41:42
val mean loss=0.09217272884070628, accuracy=0.7864583333333334
Fold 2 epoch 10
2021-10-20 04:43:33
val mean loss=0.09240592850579156, accuracy=0.7885416666666667
Fold 3 epoch 1
2021-10-20 04:45:23
val mean loss=0.08942968776687182, accuracy=0.8010416666666667
Fold 3 epoch 2
2021-10-20 04:47:14
val mean loss=0.09159095630724244, accuracy=0.7880208333333333
Fold 3 epoch 3
2021-10-20 04:49:04
val mean loss=0.08691392729802387, accuracy=0.8036458333333333
Fold 3 epoch 4
2021-10-20 04:50:54
val mean loss=0.09301142633697133, accuracy=0.7916666666666666
Fold 3 epoch 5
2021-10-20 04:52:45
val mean loss=0.0889385829737157, accuracy=0.8041666666666667
Fold 3 epoch 6
2021-10-20 04:54:35
val mean loss=0.08463461036054196, accuracy=0.8072916666666666
Fold 3 epoch 7
2021-10-20 04:56:26
val mean loss=0.08231628029434769, accuracy=0.8135416666666667
Fold 3 epoch 8
2021-10-20 04:58:16
val mean loss=0.08092296584643455, accuracy=0.8171875
Fold 3 epoch 9
2021-10-20 05:00:06
val mean loss=0.08896067996083955, accuracy=0.7848958333333333
Fold 3 epoch 10
2021-10-20 05:01:57
val mean loss=0.08103900603306147, accuracy=0.8171875
Fold 4 epoch 1
2021-10-20 05:03:47
val mean loss=0.08332182546701941, accuracy=0.8005208333333333
Fold 4 epoch 2
2021-10-20 05:05:38
val mean loss=0.07645413375195162, accuracy=0.8291666666666667
Fold 4 epoch 3
2021-10-20 05:07:29
val mean loss=0.0794061947261355, accuracy=0.8234375
Fold 4 epoch 4
2021-10-20 05:09:19
val mean loss=0.07508485101378012, accuracy=0.8296875
Fold 4 epoch 5
2021-10-20 05:11:10
val mean loss=0.07741173363516851, accuracy=0.825
Fold 4 epoch 6
2021-10-20 05:13:00
val mean loss=0.08117642088682073, accuracy=0.8255208333333334
Fold 4 epoch 7
2021-10-20 05:14:50
val mean loss=0.0764495323714896, accuracy=0.834375
Fold 4 epoch 8
2021-10-20 05:16:41
val mean loss=0.0746994175538114, accuracy=0.8427083333333333
Fold 4 epoch 9
2021-10-20 05:18:31
val mean loss=0.07484319592699593, accuracy=0.8265625
Fold 4 epoch 10
2021-10-20 05:20:21
val mean loss=0.0788037398224505, accuracy=0.8140625
Fold 5 epoch 1
2021-10-20 05:22:12
val mean loss=0.06995765240594683, accuracy=0.834375
Fold 5 epoch 2
2021-10-20 05:24:03
val mean loss=0.07033841099758698, accuracy=0.8411458333333334
Fold 5 epoch 3
2021-10-20 05:25:53
val mean loss=0.06841465416268556, accuracy=0.846875
Fold 5 epoch 4
2021-10-20 05:27:44
val mean loss=0.07355258710099837, accuracy=0.8244791666666667
Fold 5 epoch 5
2021-10-20 05:29:34
val mean loss=0.06933345765243341, accuracy=0.8411458333333334
Fold 5 epoch 6
2021-10-20 05:31:24
val mean loss=0.06794180850433224, accuracy=0.8473958333333333
Fold 5 epoch 7
2021-10-20 05:33:14
val mean loss=0.06871471669938829, accuracy=0.8453125
Fold 5 epoch 8
2021-10-20 05:35:04
val mean loss=0.06695256929829288, accuracy=0.8489583333333334
Fold 5 epoch 9
2021-10-20 05:36:55
val mean loss=0.06625188064182737, accuracy=0.8484375
Fold 5 epoch 10
2021-10-20 05:38:45
val mean loss=0.06619486651793428, accuracy=0.8557291666666667
test 2021-10-20 05:40:51
test  mean loss=0.17633114479206227, accuracy=0.9488636363636364
