Fold 1 epoch 1
2021-10-26 00:29:40
val mean loss=0.13475037994698733, accuracy=0.5697916666666667
Fold 1 epoch 2
2021-10-26 00:31:31
val mean loss=0.13119746078679592, accuracy=0.6442708333333333
Fold 1 epoch 3
2021-10-26 00:33:22
val mean loss=0.12488618309115186, accuracy=0.7395833333333334
Fold 1 epoch 4
2021-10-26 00:35:13
val mean loss=0.11445348095991975, accuracy=0.7536458333333333
Fold 1 epoch 5
2021-10-26 00:37:03
val mean loss=0.10338062494379993, accuracy=0.7567708333333333
Fold 1 epoch 6
2021-10-26 00:38:54
val mean loss=0.09775482126714762, accuracy=0.7609375
Fold 1 epoch 7
2021-10-26 00:40:45
val mean loss=0.0953897044491866, accuracy=0.7635416666666667
Fold 1 epoch 8
2021-10-26 00:42:36
val mean loss=0.09128405665173943, accuracy=0.7796875
Fold 1 epoch 9
2021-10-26 00:44:27
val mean loss=0.0889084955301795, accuracy=0.7807291666666667
Fold 1 epoch 10
2021-10-26 00:46:18
val mean loss=0.08739158528331867, accuracy=0.7921875
Fold 1 epoch 11
2021-10-26 00:48:09
val mean loss=0.08496026207880719, accuracy=0.8005208333333333
Fold 1 epoch 12
2021-10-26 00:50:00
val mean loss=0.08241616570900497, accuracy=0.803125
Fold 1 epoch 13
2021-10-26 00:51:50
val mean loss=0.08045066825646922, accuracy=0.8083333333333333
Fold 1 epoch 14
2021-10-26 00:53:41
val mean loss=0.07909336639529883, accuracy=0.8145833333333333
Fold 1 epoch 15
2021-10-26 00:55:32
val mean loss=0.07606730539612319, accuracy=0.8213541666666667
Fold 1 epoch 16
2021-10-26 00:57:23
val mean loss=0.07723753207014421, accuracy=0.8171875
Fold 1 epoch 17
2021-10-26 00:59:13
val mean loss=0.07258746300214602, accuracy=0.8322916666666667
Fold 1 epoch 18
2021-10-26 01:01:04
val mean loss=0.07258562531490875, accuracy=0.8395833333333333
Fold 1 epoch 19
2021-10-26 01:02:55
val mean loss=0.07218708403316546, accuracy=0.8359375
Fold 1 epoch 20
2021-10-26 01:04:46
val mean loss=0.07109333006933392, accuracy=0.8286458333333333
Fold 2 epoch 1
2021-10-26 01:06:37
val mean loss=0.06116956859949685, accuracy=0.8651041666666667
Fold 2 epoch 2
2021-10-26 01:08:28
val mean loss=0.060131599775557654, accuracy=0.8677083333333333
Fold 2 epoch 3
2021-10-26 01:10:18
val mean loss=0.059694102271594135, accuracy=0.8682291666666667
Fold 2 epoch 4
2021-10-26 01:12:09
val mean loss=0.058976115709469645, accuracy=0.8692708333333333
Fold 2 epoch 5
2021-10-26 01:14:00
val mean loss=0.06079061296251085, accuracy=0.8651041666666667
Fold 2 epoch 6
2021-10-26 01:15:51
val mean loss=0.059445794521535866, accuracy=0.8692708333333333
Fold 2 epoch 7
2021-10-26 01:17:42
val mean loss=0.058906668694421585, accuracy=0.871875
Fold 2 epoch 8
2021-10-26 01:19:33
val mean loss=0.05880399172198135, accuracy=0.8697916666666666
Fold 2 epoch 9
2021-10-26 01:21:23
val mean loss=0.05817157780682599, accuracy=0.8807291666666667
Fold 2 epoch 10
2021-10-26 01:23:14
val mean loss=0.05757429246549253, accuracy=0.8760416666666667
Fold 2 epoch 11
2021-10-26 01:25:05
val mean loss=0.060837072109489285, accuracy=0.8598958333333333
Fold 2 epoch 12
2021-10-26 01:26:56
val mean loss=0.05896914495852749, accuracy=0.8614583333333333
Fold 2 epoch 13
2021-10-26 01:28:47
val mean loss=0.05782238357842214, accuracy=0.8734375
Fold 2 epoch 14
2021-10-26 01:30:37
val mean loss=0.0568036418392825, accuracy=0.8755208333333333
Fold 2 epoch 15
2021-10-26 01:32:28
val mean loss=0.056630068845709654, accuracy=0.8807291666666667
Fold 2 epoch 16
2021-10-26 01:34:19
val mean loss=0.05505149796175859, accuracy=0.8791666666666667
Fold 2 epoch 17
2021-10-26 01:36:09
val mean loss=0.05770566502716316, accuracy=0.8703125
Fold 2 epoch 18
2021-10-26 01:38:00
val mean loss=0.05513146306261604, accuracy=0.8755208333333333
Fold 2 epoch 19
2021-10-26 01:39:51
val mean loss=0.05743687123428157, accuracy=0.8630208333333333
Fold 2 epoch 20
2021-10-26 01:41:41
val mean loss=0.05643853974440461, accuracy=0.8703125
Fold 3 epoch 1
2021-10-26 01:43:32
val mean loss=0.05410552348619626, accuracy=0.8822916666666667
Fold 3 epoch 2
2021-10-26 01:45:22
val mean loss=0.052920451380097815, accuracy=0.8895833333333333
Fold 3 epoch 3
2021-10-26 01:47:13
val mean loss=0.05296309602603991, accuracy=0.8822916666666667
Fold 3 epoch 4
2021-10-26 01:49:04
val mean loss=0.05330507784713934, accuracy=0.8875
Fold 3 epoch 5
2021-10-26 01:50:55
val mean loss=0.05281365290590765, accuracy=0.8833333333333333
Fold 3 epoch 6
2021-10-26 01:52:45
val mean loss=0.056089332270524137, accuracy=0.8770833333333333
Fold 3 epoch 7
2021-10-26 01:54:36
val mean loss=0.05163009029357031, accuracy=0.8963541666666667
Fold 3 epoch 8
2021-10-26 01:56:27
val mean loss=0.05114733721493694, accuracy=0.8958333333333334
Fold 3 epoch 9
2021-10-26 01:58:18
val mean loss=0.05299644117002134, accuracy=0.8932291666666666
Fold 3 epoch 10
2021-10-26 02:00:08
val mean loss=0.05153841422909081, accuracy=0.8885416666666667
Fold 3 epoch 11
2021-10-26 02:01:59
val mean loss=0.051255684232515565, accuracy=0.8895833333333333
Fold 3 epoch 12
2021-10-26 02:03:50
val mean loss=0.05139675979261045, accuracy=0.8916666666666667
Fold 3 epoch 13
2021-10-26 02:05:40
val mean loss=0.05694263707463143, accuracy=0.8739583333333333
Fold 3 epoch 14
2021-10-26 02:07:31
val mean loss=0.052540510966454027, accuracy=0.8927083333333333
Fold 3 epoch 15
2021-10-26 02:09:22
val mean loss=0.05144700680250003, accuracy=0.890625
Fold 3 epoch 16
2021-10-26 02:11:12
val mean loss=0.05266741018726993, accuracy=0.8848958333333333
Fold 3 epoch 17
2021-10-26 02:13:03
val mean loss=0.05475191569622652, accuracy=0.8807291666666667
Fold 3 epoch 18
2021-10-26 02:14:54
val mean loss=0.05201175163802787, accuracy=0.8921875
Fold 3 epoch 19
2021-10-26 02:16:44
val mean loss=0.05286978635277768, accuracy=0.8859375
Fold 3 epoch 20
2021-10-26 02:18:35
val mean loss=0.05145088537239734, accuracy=0.8875
Fold 4 epoch 1
2021-10-26 02:20:26
val mean loss=0.042151041972784346, accuracy=0.9119791666666667
Fold 4 epoch 2
2021-10-26 02:22:17
val mean loss=0.043552712648493766, accuracy=0.9052083333333333
Fold 4 epoch 3
2021-10-26 02:24:07
val mean loss=0.04292145560307758, accuracy=0.9088541666666666
Fold 4 epoch 4
2021-10-26 02:25:58
val mean loss=0.042362930352795765, accuracy=0.9104166666666667
Fold 4 epoch 5
2021-10-26 02:27:49
val mean loss=0.04345289493293919, accuracy=0.9020833333333333
Fold 4 epoch 6
2021-10-26 02:29:39
val mean loss=0.04189935878471092, accuracy=0.9098958333333333
Fold 4 epoch 7
2021-10-26 02:31:30
val mean loss=0.045065300503875985, accuracy=0.903125
Fold 4 epoch 8
2021-10-26 02:33:21
val mean loss=0.04515972785007807, accuracy=0.9
Fold 4 epoch 9
2021-10-26 02:35:11
val mean loss=0.042506669283894356, accuracy=0.90625
Fold 4 epoch 10
2021-10-26 02:37:02
val mean loss=0.0414386447074482, accuracy=0.9119791666666667
Fold 4 epoch 11
2021-10-26 02:38:53
val mean loss=0.042441221617867425, accuracy=0.9067708333333333
Fold 4 epoch 12
2021-10-26 02:40:44
val mean loss=0.04213323239926939, accuracy=0.909375
Fold 4 epoch 13
2021-10-26 02:42:35
val mean loss=0.045335703916510435, accuracy=0.8984375
Fold 4 epoch 14
2021-10-26 02:44:26
val mean loss=0.040227993623709976, accuracy=0.9166666666666666
Fold 4 epoch 15
2021-10-26 02:46:17
val mean loss=0.042280152550450076, accuracy=0.9088541666666666
Fold 4 epoch 16
2021-10-26 02:48:07
val mean loss=0.042005667568724835, accuracy=0.9114583333333334
Fold 4 epoch 17
2021-10-26 02:49:58
val mean loss=0.042080441423894936, accuracy=0.9072916666666667
Fold 4 epoch 18
2021-10-26 02:51:48
val mean loss=0.041011278815720795, accuracy=0.9140625
Fold 4 epoch 19
2021-10-26 02:53:39
val mean loss=0.04225347032272276, accuracy=0.9052083333333333
Fold 4 epoch 20
2021-10-26 02:55:30
val mean loss=0.042635314945330835, accuracy=0.90625
Fold 5 epoch 1
2021-10-26 02:57:21
val mean loss=0.030783144731089902, accuracy=0.9411458333333333
Fold 5 epoch 2
2021-10-26 02:59:12
val mean loss=0.032478133150579507, accuracy=0.9375
Fold 5 epoch 3
2021-10-26 03:01:02
val mean loss=0.03281242906311412, accuracy=0.9421875
Fold 5 epoch 4
2021-10-26 03:02:53
val mean loss=0.03113766918457094, accuracy=0.940625
Fold 5 epoch 5
2021-10-26 03:04:43
val mean loss=0.033027126072856135, accuracy=0.940625
Fold 5 epoch 6
2021-10-26 03:06:34
val mean loss=0.036069055054904015, accuracy=0.9197916666666667
Fold 5 epoch 7
2021-10-26 03:08:25
val mean loss=0.034885499016247656, accuracy=0.9265625
Fold 5 epoch 8
2021-10-26 03:10:15
val mean loss=0.0316834168179045, accuracy=0.9359375
Fold 5 epoch 9
2021-10-26 03:12:06
val mean loss=0.035033959469186915, accuracy=0.9223958333333333
Fold 5 epoch 10
2021-10-26 03:13:56
val mean loss=0.0325188001978054, accuracy=0.9364583333333333
Fold 5 epoch 11
2021-10-26 03:15:47
val mean loss=0.03125738219469172, accuracy=0.9333333333333333
Fold 5 epoch 12
2021-10-26 03:17:38
val mean loss=0.03119903317204228, accuracy=0.9411458333333333
Fold 5 epoch 13
2021-10-26 03:19:28
val mean loss=0.031928399315586796, accuracy=0.9380208333333333
Fold 5 epoch 14
2021-10-26 03:21:19
val mean loss=0.03788330525527766, accuracy=0.9223958333333333
Fold 5 epoch 15
2021-10-26 03:23:10
val mean loss=0.03204001450734865, accuracy=0.934375
Fold 5 epoch 16
2021-10-26 03:25:00
val mean loss=0.030327403741608923, accuracy=0.9401041666666666
Fold 5 epoch 17
2021-10-26 03:26:51
val mean loss=0.031732954704221876, accuracy=0.9369791666666667
Fold 5 epoch 18
2021-10-26 03:28:41
val mean loss=0.03103234390172448, accuracy=0.9375
Fold 5 epoch 19
2021-10-26 03:30:32
val mean loss=0.03287746042871671, accuracy=0.9317708333333333
Fold 5 epoch 20
2021-10-26 03:32:22
val mean loss=0.030492959493472253, accuracy=0.9359375
test 2021-10-26 03:34:29
test  mean loss=0.6311826370380543, accuracy=0.71875
