Fold 1 epoch 1
2021-10-20 01:35:28
val mean loss=0.1385172451474539, accuracy=0.5036458333333333
Fold 2 epoch 1
2021-10-20 01:37:18
val mean loss=0.1378615881680461, accuracy=0.5369791666666667
Fold 3 epoch 1
2021-10-20 01:39:09
val mean loss=0.13658549854294263, accuracy=0.5286458333333334
Fold 4 epoch 1
2021-10-20 01:40:59
val mean loss=0.13570786464361498, accuracy=0.5375
Fold 5 epoch 1
2021-10-20 01:42:50
val mean loss=0.1335929356484747, accuracy=0.56875
Fold 1 epoch 1
2021-10-20 01:55:47
val mean loss=0.1372566611678512, accuracy=0.5098958333333333
Fold 2 epoch 1
2021-10-20 01:57:38
val mean loss=0.13705346182050038, accuracy=0.525
Fold 3 epoch 1
2021-10-20 01:59:28
val mean loss=0.13640509004946108, accuracy=0.5296875
Fold 4 epoch 1
2021-10-20 02:01:19
val mean loss=0.13640248530195573, accuracy=0.525
Fold 5 epoch 1
2021-10-20 02:03:09
val mean loss=0.13544315212548025, accuracy=0.5552083333333333
test 2021-10-20 02:05:12
test  mean loss=0.6693266568360505, accuracy=0.5653409090909091
