Fold 1 epoch 1
2021-10-11 20:05:16
val mean loss=0.13675548078591931, accuracy=0.5109375
Fold 1 epoch 2
2021-10-11 20:07:49
<<<<<<< HEAD
=======
val mean loss=0.13652795332449455, accuracy=0.5125
Fold 1 epoch 3
2021-10-11 20:10:22
val mean loss=0.13321617620962636, accuracy=0.575
Fold 1 epoch 4
2021-10-11 20:12:55
val mean loss=0.11783748870033296, accuracy=0.6932291666666667
Fold 1 epoch 5
2021-10-11 20:15:27
val mean loss=0.10753862161204648, accuracy=0.7270833333333333
Fold 1 epoch 6
2021-10-11 20:18:00
val mean loss=0.0927654271263154, accuracy=0.7921875
Fold 1 epoch 7
2021-10-11 20:20:33
val mean loss=0.08953014106907471, accuracy=0.7911458333333333
Fold 1 epoch 8
2021-10-11 20:23:06
val mean loss=0.08250873079025206, accuracy=0.8026041666666667
Fold 1 epoch 9
2021-10-11 20:25:39
val mean loss=0.08815482163134916, accuracy=0.8114583333333333
Fold 1 epoch 10
2021-10-11 20:28:12
val mean loss=0.08328035932509496, accuracy=0.8125
Fold 2 epoch 1
2021-10-11 20:30:44
val mean loss=0.03736707869871163, accuracy=0.9375
Fold 2 epoch 2
2021-10-11 20:33:17
val mean loss=0.038974944578767316, accuracy=0.921875
Fold 2 epoch 3
2021-10-11 20:35:50
val mean loss=0.03542283663043269, accuracy=0.925
Fold 2 epoch 4
2021-10-11 20:38:23
val mean loss=0.03683541831656248, accuracy=0.9223958333333333
Fold 2 epoch 5
2021-10-11 20:40:56
val mean loss=0.038296676074526435, accuracy=0.9197916666666667
Fold 2 epoch 6
2021-10-11 20:43:28
val mean loss=0.038663718318988266, accuracy=0.9239583333333333
Fold 2 epoch 7
2021-10-11 20:46:01
val mean loss=0.03670191019773483, accuracy=0.9234375
Fold 2 epoch 8
2021-10-11 20:48:34
val mean loss=0.039142157805799944, accuracy=0.921875
Fold 2 epoch 9
2021-10-11 20:51:07
val mean loss=0.04039572939705947, accuracy=0.9177083333333333
Fold 2 epoch 10
2021-10-11 20:53:40
val mean loss=0.036500806404362, accuracy=0.9296875
Fold 3 epoch 1
2021-10-11 20:56:13
val mean loss=0.007437938266268974, accuracy=0.9911458333333333
Fold 3 epoch 2
2021-10-11 20:58:46
val mean loss=0.007129945566134198, accuracy=0.9916666666666667
Fold 3 epoch 3
2021-10-11 21:01:18
val mean loss=0.01042728924763546, accuracy=0.98125
Fold 3 epoch 4
2021-10-11 21:03:51
val mean loss=0.009126560477378927, accuracy=0.9848958333333333
Fold 3 epoch 5
2021-10-11 21:06:24
val mean loss=0.00922959760107376, accuracy=0.9838541666666667
Fold 3 epoch 6
2021-10-11 21:08:57
val mean loss=0.008162181842075698, accuracy=0.9859375
Fold 3 epoch 7
2021-10-11 21:11:30
val mean loss=0.008399857752362396, accuracy=0.9802083333333333
Fold 3 epoch 8
2021-10-11 21:14:03
val mean loss=0.00839771068359844, accuracy=0.9828125
Fold 3 epoch 9
2021-10-11 21:16:37
val mean loss=0.009881278433273603, accuracy=0.9807291666666667
Fold 3 epoch 10
2021-10-11 21:19:10
val mean loss=0.007642387801880944, accuracy=0.9880208333333333
Fold 4 epoch 1
2021-10-11 21:21:43
val mean loss=0.0037905659085837166, accuracy=0.99375
Fold 4 epoch 2
2021-10-11 21:24:16
val mean loss=0.002957050250498233, accuracy=0.996875
Fold 4 epoch 3
2021-10-11 21:26:50
val mean loss=0.002504862199341993, accuracy=0.9984375
Fold 4 epoch 4
2021-10-11 21:29:23
val mean loss=0.0061571632889425194, accuracy=0.9869791666666666
Fold 4 epoch 5
2021-10-11 21:31:56
val mean loss=0.002309498189825856, accuracy=0.996875
Fold 4 epoch 6
2021-10-11 21:34:30
val mean loss=0.002870917945540675, accuracy=0.9953125
Fold 4 epoch 7
2021-10-11 21:37:03
val mean loss=0.003096689522139912, accuracy=0.9953125
Fold 4 epoch 8
2021-10-11 21:39:37
val mean loss=0.0029409725816897402, accuracy=0.99375
Fold 4 epoch 9
2021-10-11 21:42:10
val mean loss=0.0027374130087318245, accuracy=0.9963541666666667
Fold 4 epoch 10
2021-10-11 21:44:44
val mean loss=0.0032759726813078355, accuracy=0.99375
Fold 5 epoch 1
2021-10-11 21:47:18
val mean loss=0.0015528779813191956, accuracy=0.9973958333333334
Fold 5 epoch 2
2021-10-11 21:49:51
val mean loss=0.001848439480285371, accuracy=0.9979166666666667
Fold 5 epoch 3
2021-10-11 21:52:24
val mean loss=0.0016377479353452047, accuracy=0.9979166666666667
Fold 5 epoch 4
2021-10-11 21:55:26
val mean loss=0.0012182785980422587, accuracy=0.9989583333333333
Fold 5 epoch 5
2021-10-11 21:57:59
val mean loss=0.0024365006608758196, accuracy=0.9973958333333334
Fold 5 epoch 6
2021-10-11 22:00:32
val mean loss=0.002014644229410929, accuracy=0.9973958333333334
Fold 5 epoch 7
2021-10-11 22:03:05
val mean loss=0.0011332039817125218, accuracy=0.9989583333333333
Fold 5 epoch 8
2021-10-11 22:05:38
val mean loss=0.0016691732289338553, accuracy=0.9989583333333333
Fold 5 epoch 9
2021-10-11 22:08:10
val mean loss=0.0024826570143808187, accuracy=0.9973958333333334
Fold 5 epoch 10
2021-10-11 22:10:43
val mean loss=0.0016957750314953947, accuracy=0.9973958333333334
>>>>>>> 7d9dd90ae3a2f7122eaa1cc973b1f96f73867f1c
